C:\USERS\DEC3\DESKTOP\A2-ZIRUI\A2\A1\A1\DEBUG\VC110.PDB
C:\USERS\DEC3\DESKTOP\A2-ZIRUI\A2\A1\A1\DEBUG\MAIN.OBJ
C:\USERS\DEC3\DESKTOP\A2-ZIRUI\A2\A1\DEBUG\A1.ILK
C:\USERS\DEC3\DESKTOP\A2-ZIRUI\A2\A1\DEBUG\A1.EXE
C:\USERS\DEC3\DESKTOP\A2-ZIRUI\A2\A1\DEBUG\A1.PDB
C:\Users\Dec3\Desktop\a3-zirui-late\a3\a1\a1\Debug\main.obj
C:\Users\Dec3\Desktop\a3-zirui-late\a3\a1\a1\Debug\cl.command.1.tlog
C:\Users\Dec3\Desktop\a3-zirui-late\a3\a1\a1\Debug\CL.read.1.tlog
C:\Users\Dec3\Desktop\a3-zirui-late\a3\a1\a1\Debug\CL.write.1.tlog
C:\Users\Dec3\Desktop\a3-zirui-late\a3\a1\a1\Debug\link-cvtres.read.1.tlog
C:\Users\Dec3\Desktop\a3-zirui-late\a3\a1\a1\Debug\link-cvtres.write.1.tlog
C:\Users\Dec3\Desktop\a3-zirui-late\a3\a1\a1\Debug\link-rc.read.1.tlog
C:\Users\Dec3\Desktop\a3-zirui-late\a3\a1\a1\Debug\link-rc.write.1.tlog
C:\Users\Dec3\Desktop\a3-zirui-late\a3\a1\a1\Debug\link.10228-cvtres.read.1.tlog
C:\Users\Dec3\Desktop\a3-zirui-late\a3\a1\a1\Debug\link.10228-cvtres.write.1.tlog
C:\Users\Dec3\Desktop\a3-zirui-late\a3\a1\a1\Debug\link.10228-rc.read.1.tlog
C:\Users\Dec3\Desktop\a3-zirui-late\a3\a1\a1\Debug\link.10228-rc.write.1.tlog
C:\Users\Dec3\Desktop\a3-zirui-late\a3\a1\a1\Debug\link.10228.read.1.tlog
C:\Users\Dec3\Desktop\a3-zirui-late\a3\a1\a1\Debug\link.10228.read.2.tlog
C:\Users\Dec3\Desktop\a3-zirui-late\a3\a1\a1\Debug\link.10228.write.1.tlog
C:\Users\Dec3\Desktop\a3-zirui-late\a3\a1\a1\Debug\link.10332-cvtres.read.1.tlog
C:\Users\Dec3\Desktop\a3-zirui-late\a3\a1\a1\Debug\link.10332-cvtres.write.1.tlog
C:\Users\Dec3\Desktop\a3-zirui-late\a3\a1\a1\Debug\link.10332-rc.read.1.tlog
C:\Users\Dec3\Desktop\a3-zirui-late\a3\a1\a1\Debug\link.10332-rc.write.1.tlog
C:\Users\Dec3\Desktop\a3-zirui-late\a3\a1\a1\Debug\link.10332.read.1.tlog
C:\Users\Dec3\Desktop\a3-zirui-late\a3\a1\a1\Debug\link.10332.read.2.tlog
C:\Users\Dec3\Desktop\a3-zirui-late\a3\a1\a1\Debug\link.10332.write.1.tlog
C:\Users\Dec3\Desktop\a3-zirui-late\a3\a1\a1\Debug\link.10372-cvtres.read.1.tlog
C:\Users\Dec3\Desktop\a3-zirui-late\a3\a1\a1\Debug\link.10372-cvtres.write.1.tlog
C:\Users\Dec3\Desktop\a3-zirui-late\a3\a1\a1\Debug\link.10372-rc.read.1.tlog
C:\Users\Dec3\Desktop\a3-zirui-late\a3\a1\a1\Debug\link.10372-rc.write.1.tlog
C:\Users\Dec3\Desktop\a3-zirui-late\a3\a1\a1\Debug\link.10372.read.1.tlog
C:\Users\Dec3\Desktop\a3-zirui-late\a3\a1\a1\Debug\link.10372.read.2.tlog
C:\Users\Dec3\Desktop\a3-zirui-late\a3\a1\a1\Debug\link.10372.write.1.tlog
C:\Users\Dec3\Desktop\a3-zirui-late\a3\a1\a1\Debug\link.10500-cvtres.read.1.tlog
C:\Users\Dec3\Desktop\a3-zirui-late\a3\a1\a1\Debug\link.10500-cvtres.write.1.tlog
C:\Users\Dec3\Desktop\a3-zirui-late\a3\a1\a1\Debug\link.10500-rc.read.1.tlog
C:\Users\Dec3\Desktop\a3-zirui-late\a3\a1\a1\Debug\link.10500-rc.write.1.tlog
C:\Users\Dec3\Desktop\a3-zirui-late\a3\a1\a1\Debug\link.10500.read.1.tlog
C:\Users\Dec3\Desktop\a3-zirui-late\a3\a1\a1\Debug\link.10500.read.2.tlog
C:\Users\Dec3\Desktop\a3-zirui-late\a3\a1\a1\Debug\link.10500.write.1.tlog
C:\Users\Dec3\Desktop\a3-zirui-late\a3\a1\a1\Debug\link.10512-cvtres.read.1.tlog
C:\Users\Dec3\Desktop\a3-zirui-late\a3\a1\a1\Debug\link.10512-cvtres.write.1.tlog
C:\Users\Dec3\Desktop\a3-zirui-late\a3\a1\a1\Debug\link.10512-rc.read.1.tlog
C:\Users\Dec3\Desktop\a3-zirui-late\a3\a1\a1\Debug\link.10512-rc.write.1.tlog
C:\Users\Dec3\Desktop\a3-zirui-late\a3\a1\a1\Debug\link.10512.read.1.tlog
C:\Users\Dec3\Desktop\a3-zirui-late\a3\a1\a1\Debug\link.10512.read.2.tlog
C:\Users\Dec3\Desktop\a3-zirui-late\a3\a1\a1\Debug\link.10512.write.1.tlog
C:\Users\Dec3\Desktop\a3-zirui-late\a3\a1\a1\Debug\link.10880-cvtres.read.1.tlog
C:\Users\Dec3\Desktop\a3-zirui-late\a3\a1\a1\Debug\link.10880-cvtres.write.1.tlog
C:\Users\Dec3\Desktop\a3-zirui-late\a3\a1\a1\Debug\link.10880-rc.read.1.tlog
C:\Users\Dec3\Desktop\a3-zirui-late\a3\a1\a1\Debug\link.10880-rc.write.1.tlog
C:\Users\Dec3\Desktop\a3-zirui-late\a3\a1\a1\Debug\link.10880.read.1.tlog
C:\Users\Dec3\Desktop\a3-zirui-late\a3\a1\a1\Debug\link.10880.read.2.tlog
C:\Users\Dec3\Desktop\a3-zirui-late\a3\a1\a1\Debug\link.10880.write.1.tlog
C:\Users\Dec3\Desktop\a3-zirui-late\a3\a1\a1\Debug\link.10904-cvtres.read.1.tlog
C:\Users\Dec3\Desktop\a3-zirui-late\a3\a1\a1\Debug\link.10904-cvtres.write.1.tlog
C:\Users\Dec3\Desktop\a3-zirui-late\a3\a1\a1\Debug\link.10904-rc.read.1.tlog
C:\Users\Dec3\Desktop\a3-zirui-late\a3\a1\a1\Debug\link.10904-rc.write.1.tlog
C:\Users\Dec3\Desktop\a3-zirui-late\a3\a1\a1\Debug\link.10904.read.1.tlog
C:\Users\Dec3\Desktop\a3-zirui-late\a3\a1\a1\Debug\link.10904.read.2.tlog
C:\Users\Dec3\Desktop\a3-zirui-late\a3\a1\a1\Debug\link.10904.write.1.tlog
C:\Users\Dec3\Desktop\a3-zirui-late\a3\a1\a1\Debug\link.10924-cvtres.read.1.tlog
C:\Users\Dec3\Desktop\a3-zirui-late\a3\a1\a1\Debug\link.10924-cvtres.write.1.tlog
C:\Users\Dec3\Desktop\a3-zirui-late\a3\a1\a1\Debug\link.10924-rc.read.1.tlog
C:\Users\Dec3\Desktop\a3-zirui-late\a3\a1\a1\Debug\link.10924-rc.write.1.tlog
C:\Users\Dec3\Desktop\a3-zirui-late\a3\a1\a1\Debug\link.10924.read.1.tlog
C:\Users\Dec3\Desktop\a3-zirui-late\a3\a1\a1\Debug\link.10924.read.2.tlog
C:\Users\Dec3\Desktop\a3-zirui-late\a3\a1\a1\Debug\link.10924.write.1.tlog
C:\Users\Dec3\Desktop\a3-zirui-late\a3\a1\a1\Debug\link.11172-cvtres.read.1.tlog
C:\Users\Dec3\Desktop\a3-zirui-late\a3\a1\a1\Debug\link.11172-cvtres.write.1.tlog
C:\Users\Dec3\Desktop\a3-zirui-late\a3\a1\a1\Debug\link.11172-rc.read.1.tlog
C:\Users\Dec3\Desktop\a3-zirui-late\a3\a1\a1\Debug\link.11172-rc.write.1.tlog
C:\Users\Dec3\Desktop\a3-zirui-late\a3\a1\a1\Debug\link.11172.read.1.tlog
C:\Users\Dec3\Desktop\a3-zirui-late\a3\a1\a1\Debug\link.11172.read.2.tlog
C:\Users\Dec3\Desktop\a3-zirui-late\a3\a1\a1\Debug\link.11172.write.1.tlog
C:\Users\Dec3\Desktop\a3-zirui-late\a3\a1\a1\Debug\link.11256-cvtres.read.1.tlog
C:\Users\Dec3\Desktop\a3-zirui-late\a3\a1\a1\Debug\link.11256-cvtres.write.1.tlog
C:\Users\Dec3\Desktop\a3-zirui-late\a3\a1\a1\Debug\link.11256-rc.read.1.tlog
C:\Users\Dec3\Desktop\a3-zirui-late\a3\a1\a1\Debug\link.11256-rc.write.1.tlog
C:\Users\Dec3\Desktop\a3-zirui-late\a3\a1\a1\Debug\link.11256.read.1.tlog
C:\Users\Dec3\Desktop\a3-zirui-late\a3\a1\a1\Debug\link.11256.read.2.tlog
C:\Users\Dec3\Desktop\a3-zirui-late\a3\a1\a1\Debug\link.11256.write.1.tlog
C:\Users\Dec3\Desktop\a3-zirui-late\a3\a1\a1\Debug\link.1204-cvtres.read.1.tlog
C:\Users\Dec3\Desktop\a3-zirui-late\a3\a1\a1\Debug\link.1204-cvtres.write.1.tlog
C:\Users\Dec3\Desktop\a3-zirui-late\a3\a1\a1\Debug\link.1204-rc.read.1.tlog
C:\Users\Dec3\Desktop\a3-zirui-late\a3\a1\a1\Debug\link.1204-rc.write.1.tlog
C:\Users\Dec3\Desktop\a3-zirui-late\a3\a1\a1\Debug\link.1204.read.1.tlog
C:\Users\Dec3\Desktop\a3-zirui-late\a3\a1\a1\Debug\link.1204.read.2.tlog
C:\Users\Dec3\Desktop\a3-zirui-late\a3\a1\a1\Debug\link.1204.write.1.tlog
C:\Users\Dec3\Desktop\a3-zirui-late\a3\a1\a1\Debug\link.1232-cvtres.read.1.tlog
C:\Users\Dec3\Desktop\a3-zirui-late\a3\a1\a1\Debug\link.1232-cvtres.write.1.tlog
C:\Users\Dec3\Desktop\a3-zirui-late\a3\a1\a1\Debug\link.1232-rc.read.1.tlog
C:\Users\Dec3\Desktop\a3-zirui-late\a3\a1\a1\Debug\link.1232-rc.write.1.tlog
C:\Users\Dec3\Desktop\a3-zirui-late\a3\a1\a1\Debug\link.1232.read.1.tlog
C:\Users\Dec3\Desktop\a3-zirui-late\a3\a1\a1\Debug\link.1232.read.2.tlog
C:\Users\Dec3\Desktop\a3-zirui-late\a3\a1\a1\Debug\link.1232.write.1.tlog
C:\Users\Dec3\Desktop\a3-zirui-late\a3\a1\a1\Debug\link.1236-cvtres.read.1.tlog
C:\Users\Dec3\Desktop\a3-zirui-late\a3\a1\a1\Debug\link.1236-cvtres.write.1.tlog
C:\Users\Dec3\Desktop\a3-zirui-late\a3\a1\a1\Debug\link.1236-rc.read.1.tlog
C:\Users\Dec3\Desktop\a3-zirui-late\a3\a1\a1\Debug\link.1236-rc.write.1.tlog
C:\Users\Dec3\Desktop\a3-zirui-late\a3\a1\a1\Debug\link.1236.read.1.tlog
C:\Users\Dec3\Desktop\a3-zirui-late\a3\a1\a1\Debug\link.1236.read.2.tlog
C:\Users\Dec3\Desktop\a3-zirui-late\a3\a1\a1\Debug\link.1236.write.1.tlog
C:\Users\Dec3\Desktop\a3-zirui-late\a3\a1\a1\Debug\link.1508-cvtres.read.1.tlog
C:\Users\Dec3\Desktop\a3-zirui-late\a3\a1\a1\Debug\link.1508-cvtres.write.1.tlog
C:\Users\Dec3\Desktop\a3-zirui-late\a3\a1\a1\Debug\link.1508-rc.read.1.tlog
C:\Users\Dec3\Desktop\a3-zirui-late\a3\a1\a1\Debug\link.1508-rc.write.1.tlog
C:\Users\Dec3\Desktop\a3-zirui-late\a3\a1\a1\Debug\link.1508.read.1.tlog
C:\Users\Dec3\Desktop\a3-zirui-late\a3\a1\a1\Debug\link.1508.read.2.tlog
C:\Users\Dec3\Desktop\a3-zirui-late\a3\a1\a1\Debug\link.1508.write.1.tlog
C:\Users\Dec3\Desktop\a3-zirui-late\a3\a1\a1\Debug\link.1660-cvtres.read.1.tlog
C:\Users\Dec3\Desktop\a3-zirui-late\a3\a1\a1\Debug\link.1660-cvtres.write.1.tlog
C:\Users\Dec3\Desktop\a3-zirui-late\a3\a1\a1\Debug\link.1660-rc.read.1.tlog
C:\Users\Dec3\Desktop\a3-zirui-late\a3\a1\a1\Debug\link.1660-rc.write.1.tlog
C:\Users\Dec3\Desktop\a3-zirui-late\a3\a1\a1\Debug\link.1660.read.1.tlog
C:\Users\Dec3\Desktop\a3-zirui-late\a3\a1\a1\Debug\link.1660.read.2.tlog
C:\Users\Dec3\Desktop\a3-zirui-late\a3\a1\a1\Debug\link.1660.write.1.tlog
C:\Users\Dec3\Desktop\a3-zirui-late\a3\a1\a1\Debug\link.1708-cvtres.read.1.tlog
C:\Users\Dec3\Desktop\a3-zirui-late\a3\a1\a1\Debug\link.1708-cvtres.write.1.tlog
C:\Users\Dec3\Desktop\a3-zirui-late\a3\a1\a1\Debug\link.1708-rc.read.1.tlog
C:\Users\Dec3\Desktop\a3-zirui-late\a3\a1\a1\Debug\link.1708-rc.write.1.tlog
C:\Users\Dec3\Desktop\a3-zirui-late\a3\a1\a1\Debug\link.1708.read.1.tlog
C:\Users\Dec3\Desktop\a3-zirui-late\a3\a1\a1\Debug\link.1708.read.2.tlog
C:\Users\Dec3\Desktop\a3-zirui-late\a3\a1\a1\Debug\link.1708.write.1.tlog
C:\Users\Dec3\Desktop\a3-zirui-late\a3\a1\a1\Debug\link.1812-cvtres.read.1.tlog
C:\Users\Dec3\Desktop\a3-zirui-late\a3\a1\a1\Debug\link.1812-cvtres.write.1.tlog
C:\Users\Dec3\Desktop\a3-zirui-late\a3\a1\a1\Debug\link.1812-rc.read.1.tlog
C:\Users\Dec3\Desktop\a3-zirui-late\a3\a1\a1\Debug\link.1812-rc.write.1.tlog
C:\Users\Dec3\Desktop\a3-zirui-late\a3\a1\a1\Debug\link.1812.read.1.tlog
C:\Users\Dec3\Desktop\a3-zirui-late\a3\a1\a1\Debug\link.1812.read.2.tlog
C:\Users\Dec3\Desktop\a3-zirui-late\a3\a1\a1\Debug\link.1812.write.1.tlog
C:\Users\Dec3\Desktop\a3-zirui-late\a3\a1\a1\Debug\link.1964-cvtres.read.1.tlog
C:\Users\Dec3\Desktop\a3-zirui-late\a3\a1\a1\Debug\link.1964-cvtres.write.1.tlog
C:\Users\Dec3\Desktop\a3-zirui-late\a3\a1\a1\Debug\link.1964-rc.read.1.tlog
C:\Users\Dec3\Desktop\a3-zirui-late\a3\a1\a1\Debug\link.1964-rc.write.1.tlog
C:\Users\Dec3\Desktop\a3-zirui-late\a3\a1\a1\Debug\link.1964.read.1.tlog
C:\Users\Dec3\Desktop\a3-zirui-late\a3\a1\a1\Debug\link.1964.read.2.tlog
C:\Users\Dec3\Desktop\a3-zirui-late\a3\a1\a1\Debug\link.1964.write.1.tlog
C:\Users\Dec3\Desktop\a3-zirui-late\a3\a1\a1\Debug\link.2012-cvtres.read.1.tlog
C:\Users\Dec3\Desktop\a3-zirui-late\a3\a1\a1\Debug\link.2012-cvtres.write.1.tlog
C:\Users\Dec3\Desktop\a3-zirui-late\a3\a1\a1\Debug\link.2012-rc.read.1.tlog
C:\Users\Dec3\Desktop\a3-zirui-late\a3\a1\a1\Debug\link.2012-rc.write.1.tlog
C:\Users\Dec3\Desktop\a3-zirui-late\a3\a1\a1\Debug\link.2012.read.1.tlog
C:\Users\Dec3\Desktop\a3-zirui-late\a3\a1\a1\Debug\link.2012.read.2.tlog
C:\Users\Dec3\Desktop\a3-zirui-late\a3\a1\a1\Debug\link.2012.write.1.tlog
C:\Users\Dec3\Desktop\a3-zirui-late\a3\a1\a1\Debug\link.2044-cvtres.read.1.tlog
C:\Users\Dec3\Desktop\a3-zirui-late\a3\a1\a1\Debug\link.2044-cvtres.write.1.tlog
C:\Users\Dec3\Desktop\a3-zirui-late\a3\a1\a1\Debug\link.2044-rc.read.1.tlog
C:\Users\Dec3\Desktop\a3-zirui-late\a3\a1\a1\Debug\link.2044-rc.write.1.tlog
C:\Users\Dec3\Desktop\a3-zirui-late\a3\a1\a1\Debug\link.2044.read.1.tlog
C:\Users\Dec3\Desktop\a3-zirui-late\a3\a1\a1\Debug\link.2044.read.2.tlog
C:\Users\Dec3\Desktop\a3-zirui-late\a3\a1\a1\Debug\link.2044.write.1.tlog
C:\Users\Dec3\Desktop\a3-zirui-late\a3\a1\a1\Debug\link.2224-cvtres.read.1.tlog
C:\Users\Dec3\Desktop\a3-zirui-late\a3\a1\a1\Debug\link.2224-cvtres.write.1.tlog
C:\Users\Dec3\Desktop\a3-zirui-late\a3\a1\a1\Debug\link.2224-rc.read.1.tlog
C:\Users\Dec3\Desktop\a3-zirui-late\a3\a1\a1\Debug\link.2224-rc.write.1.tlog
C:\Users\Dec3\Desktop\a3-zirui-late\a3\a1\a1\Debug\link.2224.read.1.tlog
C:\Users\Dec3\Desktop\a3-zirui-late\a3\a1\a1\Debug\link.2224.read.2.tlog
C:\Users\Dec3\Desktop\a3-zirui-late\a3\a1\a1\Debug\link.2224.write.1.tlog
C:\Users\Dec3\Desktop\a3-zirui-late\a3\a1\a1\Debug\link.2244-cvtres.read.1.tlog
C:\Users\Dec3\Desktop\a3-zirui-late\a3\a1\a1\Debug\link.2244-cvtres.write.1.tlog
C:\Users\Dec3\Desktop\a3-zirui-late\a3\a1\a1\Debug\link.2244-rc.read.1.tlog
C:\Users\Dec3\Desktop\a3-zirui-late\a3\a1\a1\Debug\link.2244-rc.write.1.tlog
C:\Users\Dec3\Desktop\a3-zirui-late\a3\a1\a1\Debug\link.2244.read.1.tlog
C:\Users\Dec3\Desktop\a3-zirui-late\a3\a1\a1\Debug\link.2244.read.2.tlog
C:\Users\Dec3\Desktop\a3-zirui-late\a3\a1\a1\Debug\link.2244.write.1.tlog
C:\Users\Dec3\Desktop\a3-zirui-late\a3\a1\a1\Debug\link.2340-cvtres.read.1.tlog
C:\Users\Dec3\Desktop\a3-zirui-late\a3\a1\a1\Debug\link.2340-cvtres.write.1.tlog
C:\Users\Dec3\Desktop\a3-zirui-late\a3\a1\a1\Debug\link.2340-rc.read.1.tlog
C:\Users\Dec3\Desktop\a3-zirui-late\a3\a1\a1\Debug\link.2340-rc.write.1.tlog
C:\Users\Dec3\Desktop\a3-zirui-late\a3\a1\a1\Debug\link.2340.read.1.tlog
C:\Users\Dec3\Desktop\a3-zirui-late\a3\a1\a1\Debug\link.2340.read.2.tlog
C:\Users\Dec3\Desktop\a3-zirui-late\a3\a1\a1\Debug\link.2340.write.1.tlog
C:\Users\Dec3\Desktop\a3-zirui-late\a3\a1\a1\Debug\link.2404-cvtres.read.1.tlog
C:\Users\Dec3\Desktop\a3-zirui-late\a3\a1\a1\Debug\link.2404-cvtres.write.1.tlog
C:\Users\Dec3\Desktop\a3-zirui-late\a3\a1\a1\Debug\link.2404-rc.read.1.tlog
C:\Users\Dec3\Desktop\a3-zirui-late\a3\a1\a1\Debug\link.2404-rc.write.1.tlog
C:\Users\Dec3\Desktop\a3-zirui-late\a3\a1\a1\Debug\link.2404.read.1.tlog
C:\Users\Dec3\Desktop\a3-zirui-late\a3\a1\a1\Debug\link.2404.read.2.tlog
C:\Users\Dec3\Desktop\a3-zirui-late\a3\a1\a1\Debug\link.2404.write.1.tlog
C:\Users\Dec3\Desktop\a3-zirui-late\a3\a1\a1\Debug\link.2532-cvtres.read.1.tlog
C:\Users\Dec3\Desktop\a3-zirui-late\a3\a1\a1\Debug\link.2532-cvtres.write.1.tlog
C:\Users\Dec3\Desktop\a3-zirui-late\a3\a1\a1\Debug\link.2532-rc.read.1.tlog
C:\Users\Dec3\Desktop\a3-zirui-late\a3\a1\a1\Debug\link.2532-rc.write.1.tlog
C:\Users\Dec3\Desktop\a3-zirui-late\a3\a1\a1\Debug\link.2532.read.1.tlog
C:\Users\Dec3\Desktop\a3-zirui-late\a3\a1\a1\Debug\link.2532.read.2.tlog
C:\Users\Dec3\Desktop\a3-zirui-late\a3\a1\a1\Debug\link.2532.write.1.tlog
C:\Users\Dec3\Desktop\a3-zirui-late\a3\a1\a1\Debug\link.2544-cvtres.read.1.tlog
C:\Users\Dec3\Desktop\a3-zirui-late\a3\a1\a1\Debug\link.2544-cvtres.write.1.tlog
C:\Users\Dec3\Desktop\a3-zirui-late\a3\a1\a1\Debug\link.2544-rc.read.1.tlog
C:\Users\Dec3\Desktop\a3-zirui-late\a3\a1\a1\Debug\link.2544-rc.write.1.tlog
C:\Users\Dec3\Desktop\a3-zirui-late\a3\a1\a1\Debug\link.2544.read.1.tlog
C:\Users\Dec3\Desktop\a3-zirui-late\a3\a1\a1\Debug\link.2544.read.2.tlog
C:\Users\Dec3\Desktop\a3-zirui-late\a3\a1\a1\Debug\link.2544.write.1.tlog
C:\Users\Dec3\Desktop\a3-zirui-late\a3\a1\a1\Debug\link.2592-cvtres.read.1.tlog
C:\Users\Dec3\Desktop\a3-zirui-late\a3\a1\a1\Debug\link.2592-cvtres.write.1.tlog
C:\Users\Dec3\Desktop\a3-zirui-late\a3\a1\a1\Debug\link.2592-rc.read.1.tlog
C:\Users\Dec3\Desktop\a3-zirui-late\a3\a1\a1\Debug\link.2592-rc.write.1.tlog
C:\Users\Dec3\Desktop\a3-zirui-late\a3\a1\a1\Debug\link.2592.read.1.tlog
C:\Users\Dec3\Desktop\a3-zirui-late\a3\a1\a1\Debug\link.2592.read.2.tlog
C:\Users\Dec3\Desktop\a3-zirui-late\a3\a1\a1\Debug\link.2592.write.1.tlog
C:\Users\Dec3\Desktop\a3-zirui-late\a3\a1\a1\Debug\link.2616-cvtres.read.1.tlog
C:\Users\Dec3\Desktop\a3-zirui-late\a3\a1\a1\Debug\link.2616-cvtres.write.1.tlog
C:\Users\Dec3\Desktop\a3-zirui-late\a3\a1\a1\Debug\link.2616-rc.read.1.tlog
C:\Users\Dec3\Desktop\a3-zirui-late\a3\a1\a1\Debug\link.2616-rc.write.1.tlog
C:\Users\Dec3\Desktop\a3-zirui-late\a3\a1\a1\Debug\link.2616.read.1.tlog
C:\Users\Dec3\Desktop\a3-zirui-late\a3\a1\a1\Debug\link.2616.read.2.tlog
C:\Users\Dec3\Desktop\a3-zirui-late\a3\a1\a1\Debug\link.2616.write.1.tlog
C:\Users\Dec3\Desktop\a3-zirui-late\a3\a1\a1\Debug\link.2620-cvtres.read.1.tlog
C:\Users\Dec3\Desktop\a3-zirui-late\a3\a1\a1\Debug\link.2620-cvtres.write.1.tlog
C:\Users\Dec3\Desktop\a3-zirui-late\a3\a1\a1\Debug\link.2620-rc.read.1.tlog
C:\Users\Dec3\Desktop\a3-zirui-late\a3\a1\a1\Debug\link.2620-rc.write.1.tlog
C:\Users\Dec3\Desktop\a3-zirui-late\a3\a1\a1\Debug\link.2620.read.1.tlog
C:\Users\Dec3\Desktop\a3-zirui-late\a3\a1\a1\Debug\link.2620.read.2.tlog
C:\Users\Dec3\Desktop\a3-zirui-late\a3\a1\a1\Debug\link.2620.write.1.tlog
C:\Users\Dec3\Desktop\a3-zirui-late\a3\a1\a1\Debug\link.2660-cvtres.read.1.tlog
C:\Users\Dec3\Desktop\a3-zirui-late\a3\a1\a1\Debug\link.2660-cvtres.write.1.tlog
C:\Users\Dec3\Desktop\a3-zirui-late\a3\a1\a1\Debug\link.2660-rc.read.1.tlog
C:\Users\Dec3\Desktop\a3-zirui-late\a3\a1\a1\Debug\link.2660-rc.write.1.tlog
C:\Users\Dec3\Desktop\a3-zirui-late\a3\a1\a1\Debug\link.2660.read.1.tlog
C:\Users\Dec3\Desktop\a3-zirui-late\a3\a1\a1\Debug\link.2660.read.2.tlog
C:\Users\Dec3\Desktop\a3-zirui-late\a3\a1\a1\Debug\link.2660.write.1.tlog
C:\Users\Dec3\Desktop\a3-zirui-late\a3\a1\a1\Debug\link.2700-cvtres.read.1.tlog
C:\Users\Dec3\Desktop\a3-zirui-late\a3\a1\a1\Debug\link.2700-cvtres.write.1.tlog
C:\Users\Dec3\Desktop\a3-zirui-late\a3\a1\a1\Debug\link.2700-rc.read.1.tlog
C:\Users\Dec3\Desktop\a3-zirui-late\a3\a1\a1\Debug\link.2700-rc.write.1.tlog
C:\Users\Dec3\Desktop\a3-zirui-late\a3\a1\a1\Debug\link.2700.read.1.tlog
C:\Users\Dec3\Desktop\a3-zirui-late\a3\a1\a1\Debug\link.2700.read.2.tlog
C:\Users\Dec3\Desktop\a3-zirui-late\a3\a1\a1\Debug\link.2700.write.1.tlog
C:\Users\Dec3\Desktop\a3-zirui-late\a3\a1\a1\Debug\link.2952-cvtres.read.1.tlog
C:\Users\Dec3\Desktop\a3-zirui-late\a3\a1\a1\Debug\link.2952-cvtres.write.1.tlog
C:\Users\Dec3\Desktop\a3-zirui-late\a3\a1\a1\Debug\link.2952-rc.read.1.tlog
C:\Users\Dec3\Desktop\a3-zirui-late\a3\a1\a1\Debug\link.2952-rc.write.1.tlog
C:\Users\Dec3\Desktop\a3-zirui-late\a3\a1\a1\Debug\link.2952.read.1.tlog
C:\Users\Dec3\Desktop\a3-zirui-late\a3\a1\a1\Debug\link.2952.read.2.tlog
C:\Users\Dec3\Desktop\a3-zirui-late\a3\a1\a1\Debug\link.2952.write.1.tlog
C:\Users\Dec3\Desktop\a3-zirui-late\a3\a1\a1\Debug\link.3132-cvtres.read.1.tlog
C:\Users\Dec3\Desktop\a3-zirui-late\a3\a1\a1\Debug\link.3132-cvtres.write.1.tlog
C:\Users\Dec3\Desktop\a3-zirui-late\a3\a1\a1\Debug\link.3132-rc.read.1.tlog
C:\Users\Dec3\Desktop\a3-zirui-late\a3\a1\a1\Debug\link.3132-rc.write.1.tlog
C:\Users\Dec3\Desktop\a3-zirui-late\a3\a1\a1\Debug\link.3132.read.1.tlog
C:\Users\Dec3\Desktop\a3-zirui-late\a3\a1\a1\Debug\link.3132.read.2.tlog
C:\Users\Dec3\Desktop\a3-zirui-late\a3\a1\a1\Debug\link.3132.write.1.tlog
C:\Users\Dec3\Desktop\a3-zirui-late\a3\a1\a1\Debug\link.3232-cvtres.read.1.tlog
C:\Users\Dec3\Desktop\a3-zirui-late\a3\a1\a1\Debug\link.3232-cvtres.write.1.tlog
C:\Users\Dec3\Desktop\a3-zirui-late\a3\a1\a1\Debug\link.3232-rc.read.1.tlog
C:\Users\Dec3\Desktop\a3-zirui-late\a3\a1\a1\Debug\link.3232-rc.write.1.tlog
C:\Users\Dec3\Desktop\a3-zirui-late\a3\a1\a1\Debug\link.3232.read.1.tlog
C:\Users\Dec3\Desktop\a3-zirui-late\a3\a1\a1\Debug\link.3232.read.2.tlog
C:\Users\Dec3\Desktop\a3-zirui-late\a3\a1\a1\Debug\link.3232.write.1.tlog
C:\Users\Dec3\Desktop\a3-zirui-late\a3\a1\a1\Debug\link.3320-cvtres.read.1.tlog
C:\Users\Dec3\Desktop\a3-zirui-late\a3\a1\a1\Debug\link.3320-cvtres.write.1.tlog
C:\Users\Dec3\Desktop\a3-zirui-late\a3\a1\a1\Debug\link.3320-rc.read.1.tlog
C:\Users\Dec3\Desktop\a3-zirui-late\a3\a1\a1\Debug\link.3320-rc.write.1.tlog
C:\Users\Dec3\Desktop\a3-zirui-late\a3\a1\a1\Debug\link.3320.read.1.tlog
C:\Users\Dec3\Desktop\a3-zirui-late\a3\a1\a1\Debug\link.3320.read.2.tlog
C:\Users\Dec3\Desktop\a3-zirui-late\a3\a1\a1\Debug\link.3320.write.1.tlog
C:\Users\Dec3\Desktop\a3-zirui-late\a3\a1\a1\Debug\link.336-cvtres.read.1.tlog
C:\Users\Dec3\Desktop\a3-zirui-late\a3\a1\a1\Debug\link.336-cvtres.write.1.tlog
C:\Users\Dec3\Desktop\a3-zirui-late\a3\a1\a1\Debug\link.336-rc.read.1.tlog
C:\Users\Dec3\Desktop\a3-zirui-late\a3\a1\a1\Debug\link.336-rc.write.1.tlog
C:\Users\Dec3\Desktop\a3-zirui-late\a3\a1\a1\Debug\link.336.read.1.tlog
C:\Users\Dec3\Desktop\a3-zirui-late\a3\a1\a1\Debug\link.336.read.2.tlog
C:\Users\Dec3\Desktop\a3-zirui-late\a3\a1\a1\Debug\link.336.write.1.tlog
C:\Users\Dec3\Desktop\a3-zirui-late\a3\a1\a1\Debug\link.3408-cvtres.read.1.tlog
C:\Users\Dec3\Desktop\a3-zirui-late\a3\a1\a1\Debug\link.3408-cvtres.write.1.tlog
C:\Users\Dec3\Desktop\a3-zirui-late\a3\a1\a1\Debug\link.3408-rc.read.1.tlog
C:\Users\Dec3\Desktop\a3-zirui-late\a3\a1\a1\Debug\link.3408-rc.write.1.tlog
C:\Users\Dec3\Desktop\a3-zirui-late\a3\a1\a1\Debug\link.3408.read.1.tlog
C:\Users\Dec3\Desktop\a3-zirui-late\a3\a1\a1\Debug\link.3408.read.2.tlog
C:\Users\Dec3\Desktop\a3-zirui-late\a3\a1\a1\Debug\link.3408.write.1.tlog
C:\Users\Dec3\Desktop\a3-zirui-late\a3\a1\a1\Debug\link.348-cvtres.read.1.tlog
C:\Users\Dec3\Desktop\a3-zirui-late\a3\a1\a1\Debug\link.348-cvtres.write.1.tlog
C:\Users\Dec3\Desktop\a3-zirui-late\a3\a1\a1\Debug\link.348-rc.read.1.tlog
C:\Users\Dec3\Desktop\a3-zirui-late\a3\a1\a1\Debug\link.348-rc.write.1.tlog
C:\Users\Dec3\Desktop\a3-zirui-late\a3\a1\a1\Debug\link.348.read.1.tlog
C:\Users\Dec3\Desktop\a3-zirui-late\a3\a1\a1\Debug\link.348.read.2.tlog
C:\Users\Dec3\Desktop\a3-zirui-late\a3\a1\a1\Debug\link.348.write.1.tlog
C:\Users\Dec3\Desktop\a3-zirui-late\a3\a1\a1\Debug\link.3768-cvtres.read.1.tlog
C:\Users\Dec3\Desktop\a3-zirui-late\a3\a1\a1\Debug\link.3768-cvtres.write.1.tlog
C:\Users\Dec3\Desktop\a3-zirui-late\a3\a1\a1\Debug\link.3768-rc.read.1.tlog
C:\Users\Dec3\Desktop\a3-zirui-late\a3\a1\a1\Debug\link.3768-rc.write.1.tlog
C:\Users\Dec3\Desktop\a3-zirui-late\a3\a1\a1\Debug\link.3768.read.1.tlog
C:\Users\Dec3\Desktop\a3-zirui-late\a3\a1\a1\Debug\link.3768.read.2.tlog
C:\Users\Dec3\Desktop\a3-zirui-late\a3\a1\a1\Debug\link.3768.write.1.tlog
C:\Users\Dec3\Desktop\a3-zirui-late\a3\a1\a1\Debug\link.3788-cvtres.read.1.tlog
C:\Users\Dec3\Desktop\a3-zirui-late\a3\a1\a1\Debug\link.3788-cvtres.write.1.tlog
C:\Users\Dec3\Desktop\a3-zirui-late\a3\a1\a1\Debug\link.3788-rc.read.1.tlog
C:\Users\Dec3\Desktop\a3-zirui-late\a3\a1\a1\Debug\link.3788-rc.write.1.tlog
C:\Users\Dec3\Desktop\a3-zirui-late\a3\a1\a1\Debug\link.3788.read.1.tlog
C:\Users\Dec3\Desktop\a3-zirui-late\a3\a1\a1\Debug\link.3788.read.2.tlog
C:\Users\Dec3\Desktop\a3-zirui-late\a3\a1\a1\Debug\link.3788.write.1.tlog
C:\Users\Dec3\Desktop\a3-zirui-late\a3\a1\a1\Debug\link.3792-cvtres.read.1.tlog
C:\Users\Dec3\Desktop\a3-zirui-late\a3\a1\a1\Debug\link.3792-cvtres.write.1.tlog
C:\Users\Dec3\Desktop\a3-zirui-late\a3\a1\a1\Debug\link.3792-rc.read.1.tlog
C:\Users\Dec3\Desktop\a3-zirui-late\a3\a1\a1\Debug\link.3792-rc.write.1.tlog
C:\Users\Dec3\Desktop\a3-zirui-late\a3\a1\a1\Debug\link.3792.read.1.tlog
C:\Users\Dec3\Desktop\a3-zirui-late\a3\a1\a1\Debug\link.3792.read.2.tlog
C:\Users\Dec3\Desktop\a3-zirui-late\a3\a1\a1\Debug\link.3792.write.1.tlog
C:\Users\Dec3\Desktop\a3-zirui-late\a3\a1\a1\Debug\link.3820-cvtres.read.1.tlog
C:\Users\Dec3\Desktop\a3-zirui-late\a3\a1\a1\Debug\link.3820-cvtres.write.1.tlog
C:\Users\Dec3\Desktop\a3-zirui-late\a3\a1\a1\Debug\link.3820-rc.read.1.tlog
C:\Users\Dec3\Desktop\a3-zirui-late\a3\a1\a1\Debug\link.3820-rc.write.1.tlog
C:\Users\Dec3\Desktop\a3-zirui-late\a3\a1\a1\Debug\link.3820.read.1.tlog
C:\Users\Dec3\Desktop\a3-zirui-late\a3\a1\a1\Debug\link.3820.read.2.tlog
C:\Users\Dec3\Desktop\a3-zirui-late\a3\a1\a1\Debug\link.3820.write.1.tlog
C:\Users\Dec3\Desktop\a3-zirui-late\a3\a1\a1\Debug\link.3884-cvtres.read.1.tlog
C:\Users\Dec3\Desktop\a3-zirui-late\a3\a1\a1\Debug\link.3884-cvtres.write.1.tlog
C:\Users\Dec3\Desktop\a3-zirui-late\a3\a1\a1\Debug\link.3884-rc.read.1.tlog
C:\Users\Dec3\Desktop\a3-zirui-late\a3\a1\a1\Debug\link.3884-rc.write.1.tlog
C:\Users\Dec3\Desktop\a3-zirui-late\a3\a1\a1\Debug\link.3884.read.1.tlog
C:\Users\Dec3\Desktop\a3-zirui-late\a3\a1\a1\Debug\link.3884.read.2.tlog
C:\Users\Dec3\Desktop\a3-zirui-late\a3\a1\a1\Debug\link.3884.write.1.tlog
C:\Users\Dec3\Desktop\a3-zirui-late\a3\a1\a1\Debug\link.3952-cvtres.read.1.tlog
C:\Users\Dec3\Desktop\a3-zirui-late\a3\a1\a1\Debug\link.3952-cvtres.write.1.tlog
C:\Users\Dec3\Desktop\a3-zirui-late\a3\a1\a1\Debug\link.3952-rc.read.1.tlog
C:\Users\Dec3\Desktop\a3-zirui-late\a3\a1\a1\Debug\link.3952-rc.write.1.tlog
C:\Users\Dec3\Desktop\a3-zirui-late\a3\a1\a1\Debug\link.3952.read.1.tlog
C:\Users\Dec3\Desktop\a3-zirui-late\a3\a1\a1\Debug\link.3952.read.2.tlog
C:\Users\Dec3\Desktop\a3-zirui-late\a3\a1\a1\Debug\link.3952.write.1.tlog
C:\Users\Dec3\Desktop\a3-zirui-late\a3\a1\a1\Debug\link.4052-cvtres.read.1.tlog
C:\Users\Dec3\Desktop\a3-zirui-late\a3\a1\a1\Debug\link.4052-cvtres.write.1.tlog
C:\Users\Dec3\Desktop\a3-zirui-late\a3\a1\a1\Debug\link.4052-rc.read.1.tlog
C:\Users\Dec3\Desktop\a3-zirui-late\a3\a1\a1\Debug\link.4052-rc.write.1.tlog
C:\Users\Dec3\Desktop\a3-zirui-late\a3\a1\a1\Debug\link.4052.read.1.tlog
C:\Users\Dec3\Desktop\a3-zirui-late\a3\a1\a1\Debug\link.4052.read.2.tlog
C:\Users\Dec3\Desktop\a3-zirui-late\a3\a1\a1\Debug\link.4052.write.1.tlog
C:\Users\Dec3\Desktop\a3-zirui-late\a3\a1\a1\Debug\link.4160-cvtres.read.1.tlog
C:\Users\Dec3\Desktop\a3-zirui-late\a3\a1\a1\Debug\link.4160-cvtres.write.1.tlog
C:\Users\Dec3\Desktop\a3-zirui-late\a3\a1\a1\Debug\link.4160-rc.read.1.tlog
C:\Users\Dec3\Desktop\a3-zirui-late\a3\a1\a1\Debug\link.4160-rc.write.1.tlog
C:\Users\Dec3\Desktop\a3-zirui-late\a3\a1\a1\Debug\link.4160.read.1.tlog
C:\Users\Dec3\Desktop\a3-zirui-late\a3\a1\a1\Debug\link.4160.read.2.tlog
C:\Users\Dec3\Desktop\a3-zirui-late\a3\a1\a1\Debug\link.4160.write.1.tlog
C:\Users\Dec3\Desktop\a3-zirui-late\a3\a1\a1\Debug\link.4856-cvtres.read.1.tlog
C:\Users\Dec3\Desktop\a3-zirui-late\a3\a1\a1\Debug\link.4856-cvtres.write.1.tlog
C:\Users\Dec3\Desktop\a3-zirui-late\a3\a1\a1\Debug\link.4856-rc.read.1.tlog
C:\Users\Dec3\Desktop\a3-zirui-late\a3\a1\a1\Debug\link.4856-rc.write.1.tlog
C:\Users\Dec3\Desktop\a3-zirui-late\a3\a1\a1\Debug\link.4856.read.1.tlog
C:\Users\Dec3\Desktop\a3-zirui-late\a3\a1\a1\Debug\link.4856.read.2.tlog
C:\Users\Dec3\Desktop\a3-zirui-late\a3\a1\a1\Debug\link.4856.write.1.tlog
C:\Users\Dec3\Desktop\a3-zirui-late\a3\a1\a1\Debug\link.4860-cvtres.read.1.tlog
C:\Users\Dec3\Desktop\a3-zirui-late\a3\a1\a1\Debug\link.4860-cvtres.write.1.tlog
C:\Users\Dec3\Desktop\a3-zirui-late\a3\a1\a1\Debug\link.4860-rc.read.1.tlog
C:\Users\Dec3\Desktop\a3-zirui-late\a3\a1\a1\Debug\link.4860-rc.write.1.tlog
C:\Users\Dec3\Desktop\a3-zirui-late\a3\a1\a1\Debug\link.4860.read.1.tlog
C:\Users\Dec3\Desktop\a3-zirui-late\a3\a1\a1\Debug\link.4860.read.2.tlog
C:\Users\Dec3\Desktop\a3-zirui-late\a3\a1\a1\Debug\link.4860.write.1.tlog
C:\Users\Dec3\Desktop\a3-zirui-late\a3\a1\a1\Debug\link.4908-cvtres.read.1.tlog
C:\Users\Dec3\Desktop\a3-zirui-late\a3\a1\a1\Debug\link.4908-cvtres.write.1.tlog
C:\Users\Dec3\Desktop\a3-zirui-late\a3\a1\a1\Debug\link.4908-rc.read.1.tlog
C:\Users\Dec3\Desktop\a3-zirui-late\a3\a1\a1\Debug\link.4908-rc.write.1.tlog
C:\Users\Dec3\Desktop\a3-zirui-late\a3\a1\a1\Debug\link.4908.read.1.tlog
C:\Users\Dec3\Desktop\a3-zirui-late\a3\a1\a1\Debug\link.4908.read.2.tlog
C:\Users\Dec3\Desktop\a3-zirui-late\a3\a1\a1\Debug\link.4908.write.1.tlog
C:\Users\Dec3\Desktop\a3-zirui-late\a3\a1\a1\Debug\link.4920-cvtres.read.1.tlog
C:\Users\Dec3\Desktop\a3-zirui-late\a3\a1\a1\Debug\link.4920-cvtres.write.1.tlog
C:\Users\Dec3\Desktop\a3-zirui-late\a3\a1\a1\Debug\link.4920-rc.read.1.tlog
C:\Users\Dec3\Desktop\a3-zirui-late\a3\a1\a1\Debug\link.4920-rc.write.1.tlog
C:\Users\Dec3\Desktop\a3-zirui-late\a3\a1\a1\Debug\link.4920.read.1.tlog
C:\Users\Dec3\Desktop\a3-zirui-late\a3\a1\a1\Debug\link.4920.read.2.tlog
C:\Users\Dec3\Desktop\a3-zirui-late\a3\a1\a1\Debug\link.4920.write.1.tlog
C:\Users\Dec3\Desktop\a3-zirui-late\a3\a1\a1\Debug\link.5136-cvtres.read.1.tlog
C:\Users\Dec3\Desktop\a3-zirui-late\a3\a1\a1\Debug\link.5136-cvtres.write.1.tlog
C:\Users\Dec3\Desktop\a3-zirui-late\a3\a1\a1\Debug\link.5136-rc.read.1.tlog
C:\Users\Dec3\Desktop\a3-zirui-late\a3\a1\a1\Debug\link.5136-rc.write.1.tlog
C:\Users\Dec3\Desktop\a3-zirui-late\a3\a1\a1\Debug\link.5136.read.1.tlog
C:\Users\Dec3\Desktop\a3-zirui-late\a3\a1\a1\Debug\link.5136.read.2.tlog
C:\Users\Dec3\Desktop\a3-zirui-late\a3\a1\a1\Debug\link.5136.write.1.tlog
C:\Users\Dec3\Desktop\a3-zirui-late\a3\a1\a1\Debug\link.5220-cvtres.read.1.tlog
C:\Users\Dec3\Desktop\a3-zirui-late\a3\a1\a1\Debug\link.5220-cvtres.write.1.tlog
C:\Users\Dec3\Desktop\a3-zirui-late\a3\a1\a1\Debug\link.5220-rc.read.1.tlog
C:\Users\Dec3\Desktop\a3-zirui-late\a3\a1\a1\Debug\link.5220-rc.write.1.tlog
C:\Users\Dec3\Desktop\a3-zirui-late\a3\a1\a1\Debug\link.5220.read.1.tlog
C:\Users\Dec3\Desktop\a3-zirui-late\a3\a1\a1\Debug\link.5220.read.2.tlog
C:\Users\Dec3\Desktop\a3-zirui-late\a3\a1\a1\Debug\link.5220.write.1.tlog
C:\Users\Dec3\Desktop\a3-zirui-late\a3\a1\a1\Debug\link.5236-cvtres.read.1.tlog
C:\Users\Dec3\Desktop\a3-zirui-late\a3\a1\a1\Debug\link.5236-cvtres.write.1.tlog
C:\Users\Dec3\Desktop\a3-zirui-late\a3\a1\a1\Debug\link.5236-rc.read.1.tlog
C:\Users\Dec3\Desktop\a3-zirui-late\a3\a1\a1\Debug\link.5236-rc.write.1.tlog
C:\Users\Dec3\Desktop\a3-zirui-late\a3\a1\a1\Debug\link.5236.read.1.tlog
C:\Users\Dec3\Desktop\a3-zirui-late\a3\a1\a1\Debug\link.5236.read.2.tlog
C:\Users\Dec3\Desktop\a3-zirui-late\a3\a1\a1\Debug\link.5236.write.1.tlog
C:\Users\Dec3\Desktop\a3-zirui-late\a3\a1\a1\Debug\link.5328-cvtres.read.1.tlog
C:\Users\Dec3\Desktop\a3-zirui-late\a3\a1\a1\Debug\link.5328-cvtres.write.1.tlog
C:\Users\Dec3\Desktop\a3-zirui-late\a3\a1\a1\Debug\link.5328-rc.read.1.tlog
C:\Users\Dec3\Desktop\a3-zirui-late\a3\a1\a1\Debug\link.5328-rc.write.1.tlog
C:\Users\Dec3\Desktop\a3-zirui-late\a3\a1\a1\Debug\link.5328.read.1.tlog
C:\Users\Dec3\Desktop\a3-zirui-late\a3\a1\a1\Debug\link.5328.read.2.tlog
C:\Users\Dec3\Desktop\a3-zirui-late\a3\a1\a1\Debug\link.5328.write.1.tlog
C:\Users\Dec3\Desktop\a3-zirui-late\a3\a1\a1\Debug\link.5348-cvtres.read.1.tlog
C:\Users\Dec3\Desktop\a3-zirui-late\a3\a1\a1\Debug\link.5348-cvtres.write.1.tlog
C:\Users\Dec3\Desktop\a3-zirui-late\a3\a1\a1\Debug\link.5348-rc.read.1.tlog
C:\Users\Dec3\Desktop\a3-zirui-late\a3\a1\a1\Debug\link.5348-rc.write.1.tlog
C:\Users\Dec3\Desktop\a3-zirui-late\a3\a1\a1\Debug\link.5348.read.1.tlog
C:\Users\Dec3\Desktop\a3-zirui-late\a3\a1\a1\Debug\link.5348.read.2.tlog
C:\Users\Dec3\Desktop\a3-zirui-late\a3\a1\a1\Debug\link.5348.write.1.tlog
C:\Users\Dec3\Desktop\a3-zirui-late\a3\a1\a1\Debug\link.5484-cvtres.read.1.tlog
C:\Users\Dec3\Desktop\a3-zirui-late\a3\a1\a1\Debug\link.5484-cvtres.write.1.tlog
C:\Users\Dec3\Desktop\a3-zirui-late\a3\a1\a1\Debug\link.5484-rc.read.1.tlog
C:\Users\Dec3\Desktop\a3-zirui-late\a3\a1\a1\Debug\link.5484-rc.write.1.tlog
C:\Users\Dec3\Desktop\a3-zirui-late\a3\a1\a1\Debug\link.5484.read.1.tlog
C:\Users\Dec3\Desktop\a3-zirui-late\a3\a1\a1\Debug\link.5484.read.2.tlog
C:\Users\Dec3\Desktop\a3-zirui-late\a3\a1\a1\Debug\link.5484.write.1.tlog
C:\Users\Dec3\Desktop\a3-zirui-late\a3\a1\a1\Debug\link.5536-cvtres.read.1.tlog
C:\Users\Dec3\Desktop\a3-zirui-late\a3\a1\a1\Debug\link.5536-cvtres.write.1.tlog
C:\Users\Dec3\Desktop\a3-zirui-late\a3\a1\a1\Debug\link.5536-rc.read.1.tlog
C:\Users\Dec3\Desktop\a3-zirui-late\a3\a1\a1\Debug\link.5536-rc.write.1.tlog
C:\Users\Dec3\Desktop\a3-zirui-late\a3\a1\a1\Debug\link.5536.read.1.tlog
C:\Users\Dec3\Desktop\a3-zirui-late\a3\a1\a1\Debug\link.5536.read.2.tlog
C:\Users\Dec3\Desktop\a3-zirui-late\a3\a1\a1\Debug\link.5536.write.1.tlog
C:\Users\Dec3\Desktop\a3-zirui-late\a3\a1\a1\Debug\link.5580-cvtres.read.1.tlog
C:\Users\Dec3\Desktop\a3-zirui-late\a3\a1\a1\Debug\link.5580-cvtres.write.1.tlog
C:\Users\Dec3\Desktop\a3-zirui-late\a3\a1\a1\Debug\link.5580-rc.read.1.tlog
C:\Users\Dec3\Desktop\a3-zirui-late\a3\a1\a1\Debug\link.5580-rc.write.1.tlog
C:\Users\Dec3\Desktop\a3-zirui-late\a3\a1\a1\Debug\link.5580.read.1.tlog
C:\Users\Dec3\Desktop\a3-zirui-late\a3\a1\a1\Debug\link.5580.read.2.tlog
C:\Users\Dec3\Desktop\a3-zirui-late\a3\a1\a1\Debug\link.5580.write.1.tlog
C:\Users\Dec3\Desktop\a3-zirui-late\a3\a1\a1\Debug\link.564-cvtres.read.1.tlog
C:\Users\Dec3\Desktop\a3-zirui-late\a3\a1\a1\Debug\link.564-cvtres.write.1.tlog
C:\Users\Dec3\Desktop\a3-zirui-late\a3\a1\a1\Debug\link.564-rc.read.1.tlog
C:\Users\Dec3\Desktop\a3-zirui-late\a3\a1\a1\Debug\link.564-rc.write.1.tlog
C:\Users\Dec3\Desktop\a3-zirui-late\a3\a1\a1\Debug\link.564.read.1.tlog
C:\Users\Dec3\Desktop\a3-zirui-late\a3\a1\a1\Debug\link.564.read.2.tlog
C:\Users\Dec3\Desktop\a3-zirui-late\a3\a1\a1\Debug\link.564.write.1.tlog
C:\Users\Dec3\Desktop\a3-zirui-late\a3\a1\a1\Debug\link.5828-cvtres.read.1.tlog
C:\Users\Dec3\Desktop\a3-zirui-late\a3\a1\a1\Debug\link.5828-cvtres.write.1.tlog
C:\Users\Dec3\Desktop\a3-zirui-late\a3\a1\a1\Debug\link.5828-rc.read.1.tlog
C:\Users\Dec3\Desktop\a3-zirui-late\a3\a1\a1\Debug\link.5828-rc.write.1.tlog
C:\Users\Dec3\Desktop\a3-zirui-late\a3\a1\a1\Debug\link.5828.read.1.tlog
C:\Users\Dec3\Desktop\a3-zirui-late\a3\a1\a1\Debug\link.5828.read.2.tlog
C:\Users\Dec3\Desktop\a3-zirui-late\a3\a1\a1\Debug\link.5828.write.1.tlog
C:\Users\Dec3\Desktop\a3-zirui-late\a3\a1\a1\Debug\link.5848-cvtres.read.1.tlog
C:\Users\Dec3\Desktop\a3-zirui-late\a3\a1\a1\Debug\link.5848-cvtres.write.1.tlog
C:\Users\Dec3\Desktop\a3-zirui-late\a3\a1\a1\Debug\link.5848-rc.read.1.tlog
C:\Users\Dec3\Desktop\a3-zirui-late\a3\a1\a1\Debug\link.5848-rc.write.1.tlog
C:\Users\Dec3\Desktop\a3-zirui-late\a3\a1\a1\Debug\link.5848.read.1.tlog
C:\Users\Dec3\Desktop\a3-zirui-late\a3\a1\a1\Debug\link.5848.read.2.tlog
C:\Users\Dec3\Desktop\a3-zirui-late\a3\a1\a1\Debug\link.5848.write.1.tlog
C:\Users\Dec3\Desktop\a3-zirui-late\a3\a1\a1\Debug\link.5880-cvtres.read.1.tlog
C:\Users\Dec3\Desktop\a3-zirui-late\a3\a1\a1\Debug\link.5880-cvtres.write.1.tlog
C:\Users\Dec3\Desktop\a3-zirui-late\a3\a1\a1\Debug\link.5880-rc.read.1.tlog
C:\Users\Dec3\Desktop\a3-zirui-late\a3\a1\a1\Debug\link.5880-rc.write.1.tlog
C:\Users\Dec3\Desktop\a3-zirui-late\a3\a1\a1\Debug\link.5880.read.1.tlog
C:\Users\Dec3\Desktop\a3-zirui-late\a3\a1\a1\Debug\link.5880.read.2.tlog
C:\Users\Dec3\Desktop\a3-zirui-late\a3\a1\a1\Debug\link.5880.write.1.tlog
C:\Users\Dec3\Desktop\a3-zirui-late\a3\a1\a1\Debug\link.5936-cvtres.read.1.tlog
C:\Users\Dec3\Desktop\a3-zirui-late\a3\a1\a1\Debug\link.5936-cvtres.write.1.tlog
C:\Users\Dec3\Desktop\a3-zirui-late\a3\a1\a1\Debug\link.5936-rc.read.1.tlog
C:\Users\Dec3\Desktop\a3-zirui-late\a3\a1\a1\Debug\link.5936-rc.write.1.tlog
C:\Users\Dec3\Desktop\a3-zirui-late\a3\a1\a1\Debug\link.5936.read.1.tlog
C:\Users\Dec3\Desktop\a3-zirui-late\a3\a1\a1\Debug\link.5936.read.2.tlog
C:\Users\Dec3\Desktop\a3-zirui-late\a3\a1\a1\Debug\link.5936.write.1.tlog
C:\Users\Dec3\Desktop\a3-zirui-late\a3\a1\a1\Debug\link.6116-cvtres.read.1.tlog
C:\Users\Dec3\Desktop\a3-zirui-late\a3\a1\a1\Debug\link.6116-cvtres.write.1.tlog
C:\Users\Dec3\Desktop\a3-zirui-late\a3\a1\a1\Debug\link.6116-rc.read.1.tlog
C:\Users\Dec3\Desktop\a3-zirui-late\a3\a1\a1\Debug\link.6116-rc.write.1.tlog
C:\Users\Dec3\Desktop\a3-zirui-late\a3\a1\a1\Debug\link.6116.read.1.tlog
C:\Users\Dec3\Desktop\a3-zirui-late\a3\a1\a1\Debug\link.6116.read.2.tlog
C:\Users\Dec3\Desktop\a3-zirui-late\a3\a1\a1\Debug\link.6116.write.1.tlog
C:\Users\Dec3\Desktop\a3-zirui-late\a3\a1\a1\Debug\link.6204-cvtres.read.1.tlog
C:\Users\Dec3\Desktop\a3-zirui-late\a3\a1\a1\Debug\link.6204-cvtres.write.1.tlog
C:\Users\Dec3\Desktop\a3-zirui-late\a3\a1\a1\Debug\link.6204-rc.read.1.tlog
C:\Users\Dec3\Desktop\a3-zirui-late\a3\a1\a1\Debug\link.6204-rc.write.1.tlog
C:\Users\Dec3\Desktop\a3-zirui-late\a3\a1\a1\Debug\link.6204.read.1.tlog
C:\Users\Dec3\Desktop\a3-zirui-late\a3\a1\a1\Debug\link.6204.read.2.tlog
C:\Users\Dec3\Desktop\a3-zirui-late\a3\a1\a1\Debug\link.6204.write.1.tlog
C:\Users\Dec3\Desktop\a3-zirui-late\a3\a1\a1\Debug\link.6208-cvtres.read.1.tlog
C:\Users\Dec3\Desktop\a3-zirui-late\a3\a1\a1\Debug\link.6208-cvtres.write.1.tlog
C:\Users\Dec3\Desktop\a3-zirui-late\a3\a1\a1\Debug\link.6208-rc.read.1.tlog
C:\Users\Dec3\Desktop\a3-zirui-late\a3\a1\a1\Debug\link.6208-rc.write.1.tlog
C:\Users\Dec3\Desktop\a3-zirui-late\a3\a1\a1\Debug\link.6208.read.1.tlog
C:\Users\Dec3\Desktop\a3-zirui-late\a3\a1\a1\Debug\link.6208.read.2.tlog
C:\Users\Dec3\Desktop\a3-zirui-late\a3\a1\a1\Debug\link.6208.write.1.tlog
C:\Users\Dec3\Desktop\a3-zirui-late\a3\a1\a1\Debug\link.6248-cvtres.read.1.tlog
C:\Users\Dec3\Desktop\a3-zirui-late\a3\a1\a1\Debug\link.6248-cvtres.write.1.tlog
C:\Users\Dec3\Desktop\a3-zirui-late\a3\a1\a1\Debug\link.6248-rc.read.1.tlog
C:\Users\Dec3\Desktop\a3-zirui-late\a3\a1\a1\Debug\link.6248-rc.write.1.tlog
C:\Users\Dec3\Desktop\a3-zirui-late\a3\a1\a1\Debug\link.6248.read.1.tlog
C:\Users\Dec3\Desktop\a3-zirui-late\a3\a1\a1\Debug\link.6248.read.2.tlog
C:\Users\Dec3\Desktop\a3-zirui-late\a3\a1\a1\Debug\link.6248.write.1.tlog
C:\Users\Dec3\Desktop\a3-zirui-late\a3\a1\a1\Debug\link.6344-cvtres.read.1.tlog
C:\Users\Dec3\Desktop\a3-zirui-late\a3\a1\a1\Debug\link.6344-cvtres.write.1.tlog
C:\Users\Dec3\Desktop\a3-zirui-late\a3\a1\a1\Debug\link.6344-rc.read.1.tlog
C:\Users\Dec3\Desktop\a3-zirui-late\a3\a1\a1\Debug\link.6344-rc.write.1.tlog
C:\Users\Dec3\Desktop\a3-zirui-late\a3\a1\a1\Debug\link.6344.read.1.tlog
C:\Users\Dec3\Desktop\a3-zirui-late\a3\a1\a1\Debug\link.6344.read.2.tlog
C:\Users\Dec3\Desktop\a3-zirui-late\a3\a1\a1\Debug\link.6344.write.1.tlog
C:\Users\Dec3\Desktop\a3-zirui-late\a3\a1\a1\Debug\link.6448-cvtres.read.1.tlog
C:\Users\Dec3\Desktop\a3-zirui-late\a3\a1\a1\Debug\link.6448-cvtres.write.1.tlog
C:\Users\Dec3\Desktop\a3-zirui-late\a3\a1\a1\Debug\link.6448-rc.read.1.tlog
C:\Users\Dec3\Desktop\a3-zirui-late\a3\a1\a1\Debug\link.6448-rc.write.1.tlog
C:\Users\Dec3\Desktop\a3-zirui-late\a3\a1\a1\Debug\link.6448.read.1.tlog
C:\Users\Dec3\Desktop\a3-zirui-late\a3\a1\a1\Debug\link.6448.read.2.tlog
C:\Users\Dec3\Desktop\a3-zirui-late\a3\a1\a1\Debug\link.6448.write.1.tlog
C:\Users\Dec3\Desktop\a3-zirui-late\a3\a1\a1\Debug\link.6508-cvtres.read.1.tlog
C:\Users\Dec3\Desktop\a3-zirui-late\a3\a1\a1\Debug\link.6508-cvtres.write.1.tlog
C:\Users\Dec3\Desktop\a3-zirui-late\a3\a1\a1\Debug\link.6508-rc.read.1.tlog
C:\Users\Dec3\Desktop\a3-zirui-late\a3\a1\a1\Debug\link.6508-rc.write.1.tlog
C:\Users\Dec3\Desktop\a3-zirui-late\a3\a1\a1\Debug\link.6508.read.1.tlog
C:\Users\Dec3\Desktop\a3-zirui-late\a3\a1\a1\Debug\link.6508.read.2.tlog
C:\Users\Dec3\Desktop\a3-zirui-late\a3\a1\a1\Debug\link.6508.write.1.tlog
C:\Users\Dec3\Desktop\a3-zirui-late\a3\a1\a1\Debug\link.6528-cvtres.read.1.tlog
C:\Users\Dec3\Desktop\a3-zirui-late\a3\a1\a1\Debug\link.6528-cvtres.write.1.tlog
C:\Users\Dec3\Desktop\a3-zirui-late\a3\a1\a1\Debug\link.6528-rc.read.1.tlog
C:\Users\Dec3\Desktop\a3-zirui-late\a3\a1\a1\Debug\link.6528-rc.write.1.tlog
C:\Users\Dec3\Desktop\a3-zirui-late\a3\a1\a1\Debug\link.6528.read.1.tlog
C:\Users\Dec3\Desktop\a3-zirui-late\a3\a1\a1\Debug\link.6528.read.2.tlog
C:\Users\Dec3\Desktop\a3-zirui-late\a3\a1\a1\Debug\link.6528.write.1.tlog
C:\Users\Dec3\Desktop\a3-zirui-late\a3\a1\a1\Debug\link.6572-cvtres.read.1.tlog
C:\Users\Dec3\Desktop\a3-zirui-late\a3\a1\a1\Debug\link.6572-cvtres.write.1.tlog
C:\Users\Dec3\Desktop\a3-zirui-late\a3\a1\a1\Debug\link.6572-rc.read.1.tlog
C:\Users\Dec3\Desktop\a3-zirui-late\a3\a1\a1\Debug\link.6572-rc.write.1.tlog
C:\Users\Dec3\Desktop\a3-zirui-late\a3\a1\a1\Debug\link.6572.read.1.tlog
C:\Users\Dec3\Desktop\a3-zirui-late\a3\a1\a1\Debug\link.6572.read.2.tlog
C:\Users\Dec3\Desktop\a3-zirui-late\a3\a1\a1\Debug\link.6572.write.1.tlog
C:\Users\Dec3\Desktop\a3-zirui-late\a3\a1\a1\Debug\link.660-cvtres.read.1.tlog
C:\Users\Dec3\Desktop\a3-zirui-late\a3\a1\a1\Debug\link.660-cvtres.write.1.tlog
C:\Users\Dec3\Desktop\a3-zirui-late\a3\a1\a1\Debug\link.660-rc.read.1.tlog
C:\Users\Dec3\Desktop\a3-zirui-late\a3\a1\a1\Debug\link.660-rc.write.1.tlog
C:\Users\Dec3\Desktop\a3-zirui-late\a3\a1\a1\Debug\link.660.read.1.tlog
C:\Users\Dec3\Desktop\a3-zirui-late\a3\a1\a1\Debug\link.660.read.2.tlog
C:\Users\Dec3\Desktop\a3-zirui-late\a3\a1\a1\Debug\link.660.write.1.tlog
C:\Users\Dec3\Desktop\a3-zirui-late\a3\a1\a1\Debug\link.6656-cvtres.read.1.tlog
C:\Users\Dec3\Desktop\a3-zirui-late\a3\a1\a1\Debug\link.6656-cvtres.write.1.tlog
C:\Users\Dec3\Desktop\a3-zirui-late\a3\a1\a1\Debug\link.6656-rc.read.1.tlog
C:\Users\Dec3\Desktop\a3-zirui-late\a3\a1\a1\Debug\link.6656-rc.write.1.tlog
C:\Users\Dec3\Desktop\a3-zirui-late\a3\a1\a1\Debug\link.6656.read.1.tlog
C:\Users\Dec3\Desktop\a3-zirui-late\a3\a1\a1\Debug\link.6656.read.2.tlog
C:\Users\Dec3\Desktop\a3-zirui-late\a3\a1\a1\Debug\link.6656.write.1.tlog
C:\Users\Dec3\Desktop\a3-zirui-late\a3\a1\a1\Debug\link.6672-cvtres.read.1.tlog
C:\Users\Dec3\Desktop\a3-zirui-late\a3\a1\a1\Debug\link.6672-cvtres.write.1.tlog
C:\Users\Dec3\Desktop\a3-zirui-late\a3\a1\a1\Debug\link.6672-rc.read.1.tlog
C:\Users\Dec3\Desktop\a3-zirui-late\a3\a1\a1\Debug\link.6672-rc.write.1.tlog
C:\Users\Dec3\Desktop\a3-zirui-late\a3\a1\a1\Debug\link.6672.read.1.tlog
C:\Users\Dec3\Desktop\a3-zirui-late\a3\a1\a1\Debug\link.6672.read.2.tlog
C:\Users\Dec3\Desktop\a3-zirui-late\a3\a1\a1\Debug\link.6672.write.1.tlog
C:\Users\Dec3\Desktop\a3-zirui-late\a3\a1\a1\Debug\link.6676-cvtres.read.1.tlog
C:\Users\Dec3\Desktop\a3-zirui-late\a3\a1\a1\Debug\link.6676-cvtres.write.1.tlog
C:\Users\Dec3\Desktop\a3-zirui-late\a3\a1\a1\Debug\link.6676-rc.read.1.tlog
C:\Users\Dec3\Desktop\a3-zirui-late\a3\a1\a1\Debug\link.6676-rc.write.1.tlog
C:\Users\Dec3\Desktop\a3-zirui-late\a3\a1\a1\Debug\link.6676.read.1.tlog
C:\Users\Dec3\Desktop\a3-zirui-late\a3\a1\a1\Debug\link.6676.read.2.tlog
C:\Users\Dec3\Desktop\a3-zirui-late\a3\a1\a1\Debug\link.6676.write.1.tlog
C:\Users\Dec3\Desktop\a3-zirui-late\a3\a1\a1\Debug\link.6708-cvtres.read.1.tlog
C:\Users\Dec3\Desktop\a3-zirui-late\a3\a1\a1\Debug\link.6708-cvtres.write.1.tlog
C:\Users\Dec3\Desktop\a3-zirui-late\a3\a1\a1\Debug\link.6708-rc.read.1.tlog
C:\Users\Dec3\Desktop\a3-zirui-late\a3\a1\a1\Debug\link.6708-rc.write.1.tlog
C:\Users\Dec3\Desktop\a3-zirui-late\a3\a1\a1\Debug\link.6708.read.1.tlog
C:\Users\Dec3\Desktop\a3-zirui-late\a3\a1\a1\Debug\link.6708.read.2.tlog
C:\Users\Dec3\Desktop\a3-zirui-late\a3\a1\a1\Debug\link.6708.write.1.tlog
C:\Users\Dec3\Desktop\a3-zirui-late\a3\a1\a1\Debug\link.6732-cvtres.read.1.tlog
C:\Users\Dec3\Desktop\a3-zirui-late\a3\a1\a1\Debug\link.6732-cvtres.write.1.tlog
C:\Users\Dec3\Desktop\a3-zirui-late\a3\a1\a1\Debug\link.6732-rc.read.1.tlog
C:\Users\Dec3\Desktop\a3-zirui-late\a3\a1\a1\Debug\link.6732-rc.write.1.tlog
C:\Users\Dec3\Desktop\a3-zirui-late\a3\a1\a1\Debug\link.6732.read.1.tlog
C:\Users\Dec3\Desktop\a3-zirui-late\a3\a1\a1\Debug\link.6732.read.2.tlog
C:\Users\Dec3\Desktop\a3-zirui-late\a3\a1\a1\Debug\link.6732.write.1.tlog
C:\Users\Dec3\Desktop\a3-zirui-late\a3\a1\a1\Debug\link.6748-cvtres.read.1.tlog
C:\Users\Dec3\Desktop\a3-zirui-late\a3\a1\a1\Debug\link.6748-cvtres.write.1.tlog
C:\Users\Dec3\Desktop\a3-zirui-late\a3\a1\a1\Debug\link.6748-rc.read.1.tlog
C:\Users\Dec3\Desktop\a3-zirui-late\a3\a1\a1\Debug\link.6748-rc.write.1.tlog
C:\Users\Dec3\Desktop\a3-zirui-late\a3\a1\a1\Debug\link.6748.read.1.tlog
C:\Users\Dec3\Desktop\a3-zirui-late\a3\a1\a1\Debug\link.6748.read.2.tlog
C:\Users\Dec3\Desktop\a3-zirui-late\a3\a1\a1\Debug\link.6748.write.1.tlog
C:\Users\Dec3\Desktop\a3-zirui-late\a3\a1\a1\Debug\link.6804-cvtres.read.1.tlog
C:\Users\Dec3\Desktop\a3-zirui-late\a3\a1\a1\Debug\link.6804-cvtres.write.1.tlog
C:\Users\Dec3\Desktop\a3-zirui-late\a3\a1\a1\Debug\link.6804-rc.read.1.tlog
C:\Users\Dec3\Desktop\a3-zirui-late\a3\a1\a1\Debug\link.6804-rc.write.1.tlog
C:\Users\Dec3\Desktop\a3-zirui-late\a3\a1\a1\Debug\link.6804.read.1.tlog
C:\Users\Dec3\Desktop\a3-zirui-late\a3\a1\a1\Debug\link.6804.read.2.tlog
C:\Users\Dec3\Desktop\a3-zirui-late\a3\a1\a1\Debug\link.6804.write.1.tlog
C:\Users\Dec3\Desktop\a3-zirui-late\a3\a1\a1\Debug\link.6844-cvtres.read.1.tlog
C:\Users\Dec3\Desktop\a3-zirui-late\a3\a1\a1\Debug\link.6844-cvtres.write.1.tlog
C:\Users\Dec3\Desktop\a3-zirui-late\a3\a1\a1\Debug\link.6844-rc.read.1.tlog
C:\Users\Dec3\Desktop\a3-zirui-late\a3\a1\a1\Debug\link.6844-rc.write.1.tlog
C:\Users\Dec3\Desktop\a3-zirui-late\a3\a1\a1\Debug\link.6844.read.1.tlog
C:\Users\Dec3\Desktop\a3-zirui-late\a3\a1\a1\Debug\link.6844.read.2.tlog
C:\Users\Dec3\Desktop\a3-zirui-late\a3\a1\a1\Debug\link.6844.write.1.tlog
C:\Users\Dec3\Desktop\a3-zirui-late\a3\a1\a1\Debug\link.6860-cvtres.read.1.tlog
C:\Users\Dec3\Desktop\a3-zirui-late\a3\a1\a1\Debug\link.6860-cvtres.write.1.tlog
C:\Users\Dec3\Desktop\a3-zirui-late\a3\a1\a1\Debug\link.6860-rc.read.1.tlog
C:\Users\Dec3\Desktop\a3-zirui-late\a3\a1\a1\Debug\link.6860-rc.write.1.tlog
C:\Users\Dec3\Desktop\a3-zirui-late\a3\a1\a1\Debug\link.6860.read.1.tlog
C:\Users\Dec3\Desktop\a3-zirui-late\a3\a1\a1\Debug\link.6860.read.2.tlog
C:\Users\Dec3\Desktop\a3-zirui-late\a3\a1\a1\Debug\link.6860.write.1.tlog
C:\Users\Dec3\Desktop\a3-zirui-late\a3\a1\a1\Debug\link.6880-cvtres.read.1.tlog
C:\Users\Dec3\Desktop\a3-zirui-late\a3\a1\a1\Debug\link.6880-cvtres.write.1.tlog
C:\Users\Dec3\Desktop\a3-zirui-late\a3\a1\a1\Debug\link.6880-rc.read.1.tlog
C:\Users\Dec3\Desktop\a3-zirui-late\a3\a1\a1\Debug\link.6880-rc.write.1.tlog
C:\Users\Dec3\Desktop\a3-zirui-late\a3\a1\a1\Debug\link.6880.read.1.tlog
C:\Users\Dec3\Desktop\a3-zirui-late\a3\a1\a1\Debug\link.6880.read.2.tlog
C:\Users\Dec3\Desktop\a3-zirui-late\a3\a1\a1\Debug\link.6880.write.1.tlog
C:\Users\Dec3\Desktop\a3-zirui-late\a3\a1\a1\Debug\link.6892-cvtres.read.1.tlog
C:\Users\Dec3\Desktop\a3-zirui-late\a3\a1\a1\Debug\link.6892-cvtres.write.1.tlog
C:\Users\Dec3\Desktop\a3-zirui-late\a3\a1\a1\Debug\link.6892-rc.read.1.tlog
C:\Users\Dec3\Desktop\a3-zirui-late\a3\a1\a1\Debug\link.6892-rc.write.1.tlog
C:\Users\Dec3\Desktop\a3-zirui-late\a3\a1\a1\Debug\link.6892.read.1.tlog
C:\Users\Dec3\Desktop\a3-zirui-late\a3\a1\a1\Debug\link.6892.read.2.tlog
C:\Users\Dec3\Desktop\a3-zirui-late\a3\a1\a1\Debug\link.6892.write.1.tlog
C:\Users\Dec3\Desktop\a3-zirui-late\a3\a1\a1\Debug\link.6920-cvtres.read.1.tlog
C:\Users\Dec3\Desktop\a3-zirui-late\a3\a1\a1\Debug\link.6920-cvtres.write.1.tlog
C:\Users\Dec3\Desktop\a3-zirui-late\a3\a1\a1\Debug\link.6920-rc.read.1.tlog
C:\Users\Dec3\Desktop\a3-zirui-late\a3\a1\a1\Debug\link.6920-rc.write.1.tlog
C:\Users\Dec3\Desktop\a3-zirui-late\a3\a1\a1\Debug\link.6920.read.1.tlog
C:\Users\Dec3\Desktop\a3-zirui-late\a3\a1\a1\Debug\link.6920.read.2.tlog
C:\Users\Dec3\Desktop\a3-zirui-late\a3\a1\a1\Debug\link.6920.write.1.tlog
C:\Users\Dec3\Desktop\a3-zirui-late\a3\a1\a1\Debug\link.6944-cvtres.read.1.tlog
C:\Users\Dec3\Desktop\a3-zirui-late\a3\a1\a1\Debug\link.6944-cvtres.write.1.tlog
C:\Users\Dec3\Desktop\a3-zirui-late\a3\a1\a1\Debug\link.6944-rc.read.1.tlog
C:\Users\Dec3\Desktop\a3-zirui-late\a3\a1\a1\Debug\link.6944-rc.write.1.tlog
C:\Users\Dec3\Desktop\a3-zirui-late\a3\a1\a1\Debug\link.6944.read.1.tlog
C:\Users\Dec3\Desktop\a3-zirui-late\a3\a1\a1\Debug\link.6944.read.2.tlog
C:\Users\Dec3\Desktop\a3-zirui-late\a3\a1\a1\Debug\link.6944.write.1.tlog
C:\Users\Dec3\Desktop\a3-zirui-late\a3\a1\a1\Debug\link.7000-cvtres.read.1.tlog
C:\Users\Dec3\Desktop\a3-zirui-late\a3\a1\a1\Debug\link.7000-cvtres.write.1.tlog
C:\Users\Dec3\Desktop\a3-zirui-late\a3\a1\a1\Debug\link.7000-rc.read.1.tlog
C:\Users\Dec3\Desktop\a3-zirui-late\a3\a1\a1\Debug\link.7000-rc.write.1.tlog
C:\Users\Dec3\Desktop\a3-zirui-late\a3\a1\a1\Debug\link.7000.read.1.tlog
C:\Users\Dec3\Desktop\a3-zirui-late\a3\a1\a1\Debug\link.7000.read.2.tlog
C:\Users\Dec3\Desktop\a3-zirui-late\a3\a1\a1\Debug\link.7000.write.1.tlog
C:\Users\Dec3\Desktop\a3-zirui-late\a3\a1\a1\Debug\link.7004-cvtres.read.1.tlog
C:\Users\Dec3\Desktop\a3-zirui-late\a3\a1\a1\Debug\link.7004-cvtres.write.1.tlog
C:\Users\Dec3\Desktop\a3-zirui-late\a3\a1\a1\Debug\link.7004-rc.read.1.tlog
C:\Users\Dec3\Desktop\a3-zirui-late\a3\a1\a1\Debug\link.7004-rc.write.1.tlog
C:\Users\Dec3\Desktop\a3-zirui-late\a3\a1\a1\Debug\link.7004.read.1.tlog
C:\Users\Dec3\Desktop\a3-zirui-late\a3\a1\a1\Debug\link.7004.read.2.tlog
C:\Users\Dec3\Desktop\a3-zirui-late\a3\a1\a1\Debug\link.7004.write.1.tlog
C:\Users\Dec3\Desktop\a3-zirui-late\a3\a1\a1\Debug\link.7040-cvtres.read.1.tlog
C:\Users\Dec3\Desktop\a3-zirui-late\a3\a1\a1\Debug\link.7040-cvtres.write.1.tlog
C:\Users\Dec3\Desktop\a3-zirui-late\a3\a1\a1\Debug\link.7040-rc.read.1.tlog
C:\Users\Dec3\Desktop\a3-zirui-late\a3\a1\a1\Debug\link.7040-rc.write.1.tlog
C:\Users\Dec3\Desktop\a3-zirui-late\a3\a1\a1\Debug\link.7040.read.1.tlog
C:\Users\Dec3\Desktop\a3-zirui-late\a3\a1\a1\Debug\link.7040.read.2.tlog
C:\Users\Dec3\Desktop\a3-zirui-late\a3\a1\a1\Debug\link.7040.write.1.tlog
C:\Users\Dec3\Desktop\a3-zirui-late\a3\a1\a1\Debug\link.7064-cvtres.read.1.tlog
C:\Users\Dec3\Desktop\a3-zirui-late\a3\a1\a1\Debug\link.7064-cvtres.write.1.tlog
C:\Users\Dec3\Desktop\a3-zirui-late\a3\a1\a1\Debug\link.7064-rc.read.1.tlog
C:\Users\Dec3\Desktop\a3-zirui-late\a3\a1\a1\Debug\link.7064-rc.write.1.tlog
C:\Users\Dec3\Desktop\a3-zirui-late\a3\a1\a1\Debug\link.7064.read.1.tlog
C:\Users\Dec3\Desktop\a3-zirui-late\a3\a1\a1\Debug\link.7064.read.2.tlog
C:\Users\Dec3\Desktop\a3-zirui-late\a3\a1\a1\Debug\link.7064.write.1.tlog
C:\Users\Dec3\Desktop\a3-zirui-late\a3\a1\a1\Debug\link.7076-cvtres.read.1.tlog
C:\Users\Dec3\Desktop\a3-zirui-late\a3\a1\a1\Debug\link.7076-cvtres.write.1.tlog
C:\Users\Dec3\Desktop\a3-zirui-late\a3\a1\a1\Debug\link.7076-rc.read.1.tlog
C:\Users\Dec3\Desktop\a3-zirui-late\a3\a1\a1\Debug\link.7076-rc.write.1.tlog
C:\Users\Dec3\Desktop\a3-zirui-late\a3\a1\a1\Debug\link.7076.read.1.tlog
C:\Users\Dec3\Desktop\a3-zirui-late\a3\a1\a1\Debug\link.7076.read.2.tlog
C:\Users\Dec3\Desktop\a3-zirui-late\a3\a1\a1\Debug\link.7076.write.1.tlog
C:\Users\Dec3\Desktop\a3-zirui-late\a3\a1\a1\Debug\link.7092-cvtres.read.1.tlog
C:\Users\Dec3\Desktop\a3-zirui-late\a3\a1\a1\Debug\link.7092-cvtres.write.1.tlog
C:\Users\Dec3\Desktop\a3-zirui-late\a3\a1\a1\Debug\link.7092-rc.read.1.tlog
C:\Users\Dec3\Desktop\a3-zirui-late\a3\a1\a1\Debug\link.7092-rc.write.1.tlog
C:\Users\Dec3\Desktop\a3-zirui-late\a3\a1\a1\Debug\link.7092.read.1.tlog
C:\Users\Dec3\Desktop\a3-zirui-late\a3\a1\a1\Debug\link.7092.read.2.tlog
C:\Users\Dec3\Desktop\a3-zirui-late\a3\a1\a1\Debug\link.7092.write.1.tlog
C:\Users\Dec3\Desktop\a3-zirui-late\a3\a1\a1\Debug\link.7112-cvtres.read.1.tlog
C:\Users\Dec3\Desktop\a3-zirui-late\a3\a1\a1\Debug\link.7112-cvtres.write.1.tlog
C:\Users\Dec3\Desktop\a3-zirui-late\a3\a1\a1\Debug\link.7112-rc.read.1.tlog
C:\Users\Dec3\Desktop\a3-zirui-late\a3\a1\a1\Debug\link.7112-rc.write.1.tlog
C:\Users\Dec3\Desktop\a3-zirui-late\a3\a1\a1\Debug\link.7112.read.1.tlog
C:\Users\Dec3\Desktop\a3-zirui-late\a3\a1\a1\Debug\link.7112.read.2.tlog
C:\Users\Dec3\Desktop\a3-zirui-late\a3\a1\a1\Debug\link.7112.write.1.tlog
C:\Users\Dec3\Desktop\a3-zirui-late\a3\a1\a1\Debug\link.7176-cvtres.read.1.tlog
C:\Users\Dec3\Desktop\a3-zirui-late\a3\a1\a1\Debug\link.7176-cvtres.write.1.tlog
C:\Users\Dec3\Desktop\a3-zirui-late\a3\a1\a1\Debug\link.7176-rc.read.1.tlog
C:\Users\Dec3\Desktop\a3-zirui-late\a3\a1\a1\Debug\link.7176-rc.write.1.tlog
C:\Users\Dec3\Desktop\a3-zirui-late\a3\a1\a1\Debug\link.7176.read.1.tlog
C:\Users\Dec3\Desktop\a3-zirui-late\a3\a1\a1\Debug\link.7176.read.2.tlog
C:\Users\Dec3\Desktop\a3-zirui-late\a3\a1\a1\Debug\link.7176.write.1.tlog
C:\Users\Dec3\Desktop\a3-zirui-late\a3\a1\a1\Debug\link.7208-cvtres.read.1.tlog
C:\Users\Dec3\Desktop\a3-zirui-late\a3\a1\a1\Debug\link.7208-cvtres.write.1.tlog
C:\Users\Dec3\Desktop\a3-zirui-late\a3\a1\a1\Debug\link.7208-rc.read.1.tlog
C:\Users\Dec3\Desktop\a3-zirui-late\a3\a1\a1\Debug\link.7208-rc.write.1.tlog
C:\Users\Dec3\Desktop\a3-zirui-late\a3\a1\a1\Debug\link.7208.read.1.tlog
C:\Users\Dec3\Desktop\a3-zirui-late\a3\a1\a1\Debug\link.7208.read.2.tlog
C:\Users\Dec3\Desktop\a3-zirui-late\a3\a1\a1\Debug\link.7208.write.1.tlog
C:\Users\Dec3\Desktop\a3-zirui-late\a3\a1\a1\Debug\link.7212-cvtres.read.1.tlog
C:\Users\Dec3\Desktop\a3-zirui-late\a3\a1\a1\Debug\link.7212-cvtres.write.1.tlog
C:\Users\Dec3\Desktop\a3-zirui-late\a3\a1\a1\Debug\link.7212-rc.read.1.tlog
C:\Users\Dec3\Desktop\a3-zirui-late\a3\a1\a1\Debug\link.7212-rc.write.1.tlog
C:\Users\Dec3\Desktop\a3-zirui-late\a3\a1\a1\Debug\link.7212.read.1.tlog
C:\Users\Dec3\Desktop\a3-zirui-late\a3\a1\a1\Debug\link.7212.read.2.tlog
C:\Users\Dec3\Desktop\a3-zirui-late\a3\a1\a1\Debug\link.7212.write.1.tlog
C:\Users\Dec3\Desktop\a3-zirui-late\a3\a1\a1\Debug\link.724-cvtres.read.1.tlog
C:\Users\Dec3\Desktop\a3-zirui-late\a3\a1\a1\Debug\link.724-cvtres.write.1.tlog
C:\Users\Dec3\Desktop\a3-zirui-late\a3\a1\a1\Debug\link.724-rc.read.1.tlog
C:\Users\Dec3\Desktop\a3-zirui-late\a3\a1\a1\Debug\link.724-rc.write.1.tlog
C:\Users\Dec3\Desktop\a3-zirui-late\a3\a1\a1\Debug\link.724.read.1.tlog
C:\Users\Dec3\Desktop\a3-zirui-late\a3\a1\a1\Debug\link.724.read.2.tlog
C:\Users\Dec3\Desktop\a3-zirui-late\a3\a1\a1\Debug\link.724.write.1.tlog
C:\Users\Dec3\Desktop\a3-zirui-late\a3\a1\a1\Debug\link.7264-cvtres.read.1.tlog
C:\Users\Dec3\Desktop\a3-zirui-late\a3\a1\a1\Debug\link.7264-cvtres.write.1.tlog
C:\Users\Dec3\Desktop\a3-zirui-late\a3\a1\a1\Debug\link.7264-rc.read.1.tlog
C:\Users\Dec3\Desktop\a3-zirui-late\a3\a1\a1\Debug\link.7264-rc.write.1.tlog
C:\Users\Dec3\Desktop\a3-zirui-late\a3\a1\a1\Debug\link.7264.read.1.tlog
C:\Users\Dec3\Desktop\a3-zirui-late\a3\a1\a1\Debug\link.7264.read.2.tlog
C:\Users\Dec3\Desktop\a3-zirui-late\a3\a1\a1\Debug\link.7264.write.1.tlog
C:\Users\Dec3\Desktop\a3-zirui-late\a3\a1\a1\Debug\link.7320-cvtres.read.1.tlog
C:\Users\Dec3\Desktop\a3-zirui-late\a3\a1\a1\Debug\link.7320-cvtres.write.1.tlog
C:\Users\Dec3\Desktop\a3-zirui-late\a3\a1\a1\Debug\link.7320-rc.read.1.tlog
C:\Users\Dec3\Desktop\a3-zirui-late\a3\a1\a1\Debug\link.7320-rc.write.1.tlog
C:\Users\Dec3\Desktop\a3-zirui-late\a3\a1\a1\Debug\link.7320.read.1.tlog
C:\Users\Dec3\Desktop\a3-zirui-late\a3\a1\a1\Debug\link.7320.read.2.tlog
C:\Users\Dec3\Desktop\a3-zirui-late\a3\a1\a1\Debug\link.7320.write.1.tlog
C:\Users\Dec3\Desktop\a3-zirui-late\a3\a1\a1\Debug\link.7324-cvtres.read.1.tlog
C:\Users\Dec3\Desktop\a3-zirui-late\a3\a1\a1\Debug\link.7324-cvtres.write.1.tlog
C:\Users\Dec3\Desktop\a3-zirui-late\a3\a1\a1\Debug\link.7324-rc.read.1.tlog
C:\Users\Dec3\Desktop\a3-zirui-late\a3\a1\a1\Debug\link.7324-rc.write.1.tlog
C:\Users\Dec3\Desktop\a3-zirui-late\a3\a1\a1\Debug\link.7324.read.1.tlog
C:\Users\Dec3\Desktop\a3-zirui-late\a3\a1\a1\Debug\link.7324.read.2.tlog
C:\Users\Dec3\Desktop\a3-zirui-late\a3\a1\a1\Debug\link.7324.write.1.tlog
C:\Users\Dec3\Desktop\a3-zirui-late\a3\a1\a1\Debug\link.7364-cvtres.read.1.tlog
C:\Users\Dec3\Desktop\a3-zirui-late\a3\a1\a1\Debug\link.7364-cvtres.write.1.tlog
C:\Users\Dec3\Desktop\a3-zirui-late\a3\a1\a1\Debug\link.7364-rc.read.1.tlog
C:\Users\Dec3\Desktop\a3-zirui-late\a3\a1\a1\Debug\link.7364-rc.write.1.tlog
C:\Users\Dec3\Desktop\a3-zirui-late\a3\a1\a1\Debug\link.7364.read.1.tlog
C:\Users\Dec3\Desktop\a3-zirui-late\a3\a1\a1\Debug\link.7364.read.2.tlog
C:\Users\Dec3\Desktop\a3-zirui-late\a3\a1\a1\Debug\link.7364.write.1.tlog
C:\Users\Dec3\Desktop\a3-zirui-late\a3\a1\a1\Debug\link.7472-cvtres.read.1.tlog
C:\Users\Dec3\Desktop\a3-zirui-late\a3\a1\a1\Debug\link.7472-cvtres.write.1.tlog
C:\Users\Dec3\Desktop\a3-zirui-late\a3\a1\a1\Debug\link.7472-rc.read.1.tlog
C:\Users\Dec3\Desktop\a3-zirui-late\a3\a1\a1\Debug\link.7472-rc.write.1.tlog
C:\Users\Dec3\Desktop\a3-zirui-late\a3\a1\a1\Debug\link.7472.read.1.tlog
C:\Users\Dec3\Desktop\a3-zirui-late\a3\a1\a1\Debug\link.7472.read.2.tlog
C:\Users\Dec3\Desktop\a3-zirui-late\a3\a1\a1\Debug\link.7472.write.1.tlog
C:\Users\Dec3\Desktop\a3-zirui-late\a3\a1\a1\Debug\link.7496-cvtres.read.1.tlog
C:\Users\Dec3\Desktop\a3-zirui-late\a3\a1\a1\Debug\link.7496-cvtres.write.1.tlog
C:\Users\Dec3\Desktop\a3-zirui-late\a3\a1\a1\Debug\link.7496-rc.read.1.tlog
C:\Users\Dec3\Desktop\a3-zirui-late\a3\a1\a1\Debug\link.7496-rc.write.1.tlog
C:\Users\Dec3\Desktop\a3-zirui-late\a3\a1\a1\Debug\link.7496.read.1.tlog
C:\Users\Dec3\Desktop\a3-zirui-late\a3\a1\a1\Debug\link.7496.read.2.tlog
C:\Users\Dec3\Desktop\a3-zirui-late\a3\a1\a1\Debug\link.7496.write.1.tlog
C:\Users\Dec3\Desktop\a3-zirui-late\a3\a1\a1\Debug\link.7576-cvtres.read.1.tlog
C:\Users\Dec3\Desktop\a3-zirui-late\a3\a1\a1\Debug\link.7576-cvtres.write.1.tlog
C:\Users\Dec3\Desktop\a3-zirui-late\a3\a1\a1\Debug\link.7576-rc.read.1.tlog
C:\Users\Dec3\Desktop\a3-zirui-late\a3\a1\a1\Debug\link.7576-rc.write.1.tlog
C:\Users\Dec3\Desktop\a3-zirui-late\a3\a1\a1\Debug\link.7576.read.1.tlog
C:\Users\Dec3\Desktop\a3-zirui-late\a3\a1\a1\Debug\link.7576.read.2.tlog
C:\Users\Dec3\Desktop\a3-zirui-late\a3\a1\a1\Debug\link.7576.write.1.tlog
C:\Users\Dec3\Desktop\a3-zirui-late\a3\a1\a1\Debug\link.7588-cvtres.read.1.tlog
C:\Users\Dec3\Desktop\a3-zirui-late\a3\a1\a1\Debug\link.7588-cvtres.write.1.tlog
C:\Users\Dec3\Desktop\a3-zirui-late\a3\a1\a1\Debug\link.7588-rc.read.1.tlog
C:\Users\Dec3\Desktop\a3-zirui-late\a3\a1\a1\Debug\link.7588-rc.write.1.tlog
C:\Users\Dec3\Desktop\a3-zirui-late\a3\a1\a1\Debug\link.7588.read.1.tlog
C:\Users\Dec3\Desktop\a3-zirui-late\a3\a1\a1\Debug\link.7588.read.2.tlog
C:\Users\Dec3\Desktop\a3-zirui-late\a3\a1\a1\Debug\link.7588.write.1.tlog
C:\Users\Dec3\Desktop\a3-zirui-late\a3\a1\a1\Debug\link.7612-cvtres.read.1.tlog
C:\Users\Dec3\Desktop\a3-zirui-late\a3\a1\a1\Debug\link.7612-cvtres.write.1.tlog
C:\Users\Dec3\Desktop\a3-zirui-late\a3\a1\a1\Debug\link.7612-rc.read.1.tlog
C:\Users\Dec3\Desktop\a3-zirui-late\a3\a1\a1\Debug\link.7612-rc.write.1.tlog
C:\Users\Dec3\Desktop\a3-zirui-late\a3\a1\a1\Debug\link.7612.read.1.tlog
C:\Users\Dec3\Desktop\a3-zirui-late\a3\a1\a1\Debug\link.7612.read.2.tlog
C:\Users\Dec3\Desktop\a3-zirui-late\a3\a1\a1\Debug\link.7612.write.1.tlog
C:\Users\Dec3\Desktop\a3-zirui-late\a3\a1\a1\Debug\link.7616-cvtres.read.1.tlog
C:\Users\Dec3\Desktop\a3-zirui-late\a3\a1\a1\Debug\link.7616-cvtres.write.1.tlog
C:\Users\Dec3\Desktop\a3-zirui-late\a3\a1\a1\Debug\link.7616-rc.read.1.tlog
C:\Users\Dec3\Desktop\a3-zirui-late\a3\a1\a1\Debug\link.7616-rc.write.1.tlog
C:\Users\Dec3\Desktop\a3-zirui-late\a3\a1\a1\Debug\link.7616.read.1.tlog
C:\Users\Dec3\Desktop\a3-zirui-late\a3\a1\a1\Debug\link.7616.read.2.tlog
C:\Users\Dec3\Desktop\a3-zirui-late\a3\a1\a1\Debug\link.7616.write.1.tlog
C:\Users\Dec3\Desktop\a3-zirui-late\a3\a1\a1\Debug\link.7640-cvtres.read.1.tlog
C:\Users\Dec3\Desktop\a3-zirui-late\a3\a1\a1\Debug\link.7640-cvtres.write.1.tlog
C:\Users\Dec3\Desktop\a3-zirui-late\a3\a1\a1\Debug\link.7640-rc.read.1.tlog
C:\Users\Dec3\Desktop\a3-zirui-late\a3\a1\a1\Debug\link.7640-rc.write.1.tlog
C:\Users\Dec3\Desktop\a3-zirui-late\a3\a1\a1\Debug\link.7640.read.1.tlog
C:\Users\Dec3\Desktop\a3-zirui-late\a3\a1\a1\Debug\link.7640.read.2.tlog
C:\Users\Dec3\Desktop\a3-zirui-late\a3\a1\a1\Debug\link.7640.write.1.tlog
C:\Users\Dec3\Desktop\a3-zirui-late\a3\a1\a1\Debug\link.7668-cvtres.read.1.tlog
C:\Users\Dec3\Desktop\a3-zirui-late\a3\a1\a1\Debug\link.7668-cvtres.write.1.tlog
C:\Users\Dec3\Desktop\a3-zirui-late\a3\a1\a1\Debug\link.7668-rc.read.1.tlog
C:\Users\Dec3\Desktop\a3-zirui-late\a3\a1\a1\Debug\link.7668-rc.write.1.tlog
C:\Users\Dec3\Desktop\a3-zirui-late\a3\a1\a1\Debug\link.7668.read.1.tlog
C:\Users\Dec3\Desktop\a3-zirui-late\a3\a1\a1\Debug\link.7668.read.2.tlog
C:\Users\Dec3\Desktop\a3-zirui-late\a3\a1\a1\Debug\link.7668.write.1.tlog
C:\Users\Dec3\Desktop\a3-zirui-late\a3\a1\a1\Debug\link.7672-cvtres.read.1.tlog
C:\Users\Dec3\Desktop\a3-zirui-late\a3\a1\a1\Debug\link.7672-cvtres.write.1.tlog
C:\Users\Dec3\Desktop\a3-zirui-late\a3\a1\a1\Debug\link.7672-rc.read.1.tlog
C:\Users\Dec3\Desktop\a3-zirui-late\a3\a1\a1\Debug\link.7672-rc.write.1.tlog
C:\Users\Dec3\Desktop\a3-zirui-late\a3\a1\a1\Debug\link.7672.read.1.tlog
C:\Users\Dec3\Desktop\a3-zirui-late\a3\a1\a1\Debug\link.7672.read.2.tlog
C:\Users\Dec3\Desktop\a3-zirui-late\a3\a1\a1\Debug\link.7672.write.1.tlog
C:\Users\Dec3\Desktop\a3-zirui-late\a3\a1\a1\Debug\link.7676-cvtres.read.1.tlog
C:\Users\Dec3\Desktop\a3-zirui-late\a3\a1\a1\Debug\link.7676-cvtres.write.1.tlog
C:\Users\Dec3\Desktop\a3-zirui-late\a3\a1\a1\Debug\link.7676-rc.read.1.tlog
C:\Users\Dec3\Desktop\a3-zirui-late\a3\a1\a1\Debug\link.7676-rc.write.1.tlog
C:\Users\Dec3\Desktop\a3-zirui-late\a3\a1\a1\Debug\link.7676.read.1.tlog
C:\Users\Dec3\Desktop\a3-zirui-late\a3\a1\a1\Debug\link.7676.read.2.tlog
C:\Users\Dec3\Desktop\a3-zirui-late\a3\a1\a1\Debug\link.7676.write.1.tlog
C:\Users\Dec3\Desktop\a3-zirui-late\a3\a1\a1\Debug\link.7692-cvtres.read.1.tlog
C:\Users\Dec3\Desktop\a3-zirui-late\a3\a1\a1\Debug\link.7692-cvtres.write.1.tlog
C:\Users\Dec3\Desktop\a3-zirui-late\a3\a1\a1\Debug\link.7692-rc.read.1.tlog
C:\Users\Dec3\Desktop\a3-zirui-late\a3\a1\a1\Debug\link.7692-rc.write.1.tlog
C:\Users\Dec3\Desktop\a3-zirui-late\a3\a1\a1\Debug\link.7692.read.1.tlog
C:\Users\Dec3\Desktop\a3-zirui-late\a3\a1\a1\Debug\link.7692.read.2.tlog
C:\Users\Dec3\Desktop\a3-zirui-late\a3\a1\a1\Debug\link.7692.write.1.tlog
C:\Users\Dec3\Desktop\a3-zirui-late\a3\a1\a1\Debug\link.7748-cvtres.read.1.tlog
C:\Users\Dec3\Desktop\a3-zirui-late\a3\a1\a1\Debug\link.7748-cvtres.write.1.tlog
C:\Users\Dec3\Desktop\a3-zirui-late\a3\a1\a1\Debug\link.7748-rc.read.1.tlog
C:\Users\Dec3\Desktop\a3-zirui-late\a3\a1\a1\Debug\link.7748-rc.write.1.tlog
C:\Users\Dec3\Desktop\a3-zirui-late\a3\a1\a1\Debug\link.7748.read.1.tlog
C:\Users\Dec3\Desktop\a3-zirui-late\a3\a1\a1\Debug\link.7748.read.2.tlog
C:\Users\Dec3\Desktop\a3-zirui-late\a3\a1\a1\Debug\link.7748.write.1.tlog
C:\Users\Dec3\Desktop\a3-zirui-late\a3\a1\a1\Debug\link.7792-cvtres.read.1.tlog
C:\Users\Dec3\Desktop\a3-zirui-late\a3\a1\a1\Debug\link.7792-cvtres.write.1.tlog
C:\Users\Dec3\Desktop\a3-zirui-late\a3\a1\a1\Debug\link.7792-rc.read.1.tlog
C:\Users\Dec3\Desktop\a3-zirui-late\a3\a1\a1\Debug\link.7792-rc.write.1.tlog
C:\Users\Dec3\Desktop\a3-zirui-late\a3\a1\a1\Debug\link.7792.read.1.tlog
C:\Users\Dec3\Desktop\a3-zirui-late\a3\a1\a1\Debug\link.7792.read.2.tlog
C:\Users\Dec3\Desktop\a3-zirui-late\a3\a1\a1\Debug\link.7792.write.1.tlog
C:\Users\Dec3\Desktop\a3-zirui-late\a3\a1\a1\Debug\link.7816-cvtres.read.1.tlog
C:\Users\Dec3\Desktop\a3-zirui-late\a3\a1\a1\Debug\link.7816-cvtres.write.1.tlog
C:\Users\Dec3\Desktop\a3-zirui-late\a3\a1\a1\Debug\link.7816-rc.read.1.tlog
C:\Users\Dec3\Desktop\a3-zirui-late\a3\a1\a1\Debug\link.7816-rc.write.1.tlog
C:\Users\Dec3\Desktop\a3-zirui-late\a3\a1\a1\Debug\link.7816.read.1.tlog
C:\Users\Dec3\Desktop\a3-zirui-late\a3\a1\a1\Debug\link.7816.read.2.tlog
C:\Users\Dec3\Desktop\a3-zirui-late\a3\a1\a1\Debug\link.7816.write.1.tlog
C:\Users\Dec3\Desktop\a3-zirui-late\a3\a1\a1\Debug\link.7820-cvtres.read.1.tlog
C:\Users\Dec3\Desktop\a3-zirui-late\a3\a1\a1\Debug\link.7820-cvtres.write.1.tlog
C:\Users\Dec3\Desktop\a3-zirui-late\a3\a1\a1\Debug\link.7820-rc.read.1.tlog
C:\Users\Dec3\Desktop\a3-zirui-late\a3\a1\a1\Debug\link.7820-rc.write.1.tlog
C:\Users\Dec3\Desktop\a3-zirui-late\a3\a1\a1\Debug\link.7820.read.1.tlog
C:\Users\Dec3\Desktop\a3-zirui-late\a3\a1\a1\Debug\link.7820.read.2.tlog
C:\Users\Dec3\Desktop\a3-zirui-late\a3\a1\a1\Debug\link.7820.write.1.tlog
C:\Users\Dec3\Desktop\a3-zirui-late\a3\a1\a1\Debug\link.7868-cvtres.read.1.tlog
C:\Users\Dec3\Desktop\a3-zirui-late\a3\a1\a1\Debug\link.7868-cvtres.write.1.tlog
C:\Users\Dec3\Desktop\a3-zirui-late\a3\a1\a1\Debug\link.7868-rc.read.1.tlog
C:\Users\Dec3\Desktop\a3-zirui-late\a3\a1\a1\Debug\link.7868-rc.write.1.tlog
C:\Users\Dec3\Desktop\a3-zirui-late\a3\a1\a1\Debug\link.7868.read.1.tlog
C:\Users\Dec3\Desktop\a3-zirui-late\a3\a1\a1\Debug\link.7868.read.2.tlog
C:\Users\Dec3\Desktop\a3-zirui-late\a3\a1\a1\Debug\link.7868.write.1.tlog
C:\Users\Dec3\Desktop\a3-zirui-late\a3\a1\a1\Debug\link.7888-cvtres.read.1.tlog
C:\Users\Dec3\Desktop\a3-zirui-late\a3\a1\a1\Debug\link.7888-cvtres.write.1.tlog
C:\Users\Dec3\Desktop\a3-zirui-late\a3\a1\a1\Debug\link.7888-rc.read.1.tlog
C:\Users\Dec3\Desktop\a3-zirui-late\a3\a1\a1\Debug\link.7888-rc.write.1.tlog
C:\Users\Dec3\Desktop\a3-zirui-late\a3\a1\a1\Debug\link.7888.read.1.tlog
C:\Users\Dec3\Desktop\a3-zirui-late\a3\a1\a1\Debug\link.7888.read.2.tlog
C:\Users\Dec3\Desktop\a3-zirui-late\a3\a1\a1\Debug\link.7888.write.1.tlog
C:\Users\Dec3\Desktop\a3-zirui-late\a3\a1\a1\Debug\link.7916-cvtres.read.1.tlog
C:\Users\Dec3\Desktop\a3-zirui-late\a3\a1\a1\Debug\link.7916-cvtres.write.1.tlog
C:\Users\Dec3\Desktop\a3-zirui-late\a3\a1\a1\Debug\link.7916-rc.read.1.tlog
C:\Users\Dec3\Desktop\a3-zirui-late\a3\a1\a1\Debug\link.7916-rc.write.1.tlog
C:\Users\Dec3\Desktop\a3-zirui-late\a3\a1\a1\Debug\link.7916.read.1.tlog
C:\Users\Dec3\Desktop\a3-zirui-late\a3\a1\a1\Debug\link.7916.read.2.tlog
C:\Users\Dec3\Desktop\a3-zirui-late\a3\a1\a1\Debug\link.7916.write.1.tlog
C:\Users\Dec3\Desktop\a3-zirui-late\a3\a1\a1\Debug\link.8016-cvtres.read.1.tlog
C:\Users\Dec3\Desktop\a3-zirui-late\a3\a1\a1\Debug\link.8016-cvtres.write.1.tlog
C:\Users\Dec3\Desktop\a3-zirui-late\a3\a1\a1\Debug\link.8016-rc.read.1.tlog
C:\Users\Dec3\Desktop\a3-zirui-late\a3\a1\a1\Debug\link.8016-rc.write.1.tlog
C:\Users\Dec3\Desktop\a3-zirui-late\a3\a1\a1\Debug\link.8016.read.1.tlog
C:\Users\Dec3\Desktop\a3-zirui-late\a3\a1\a1\Debug\link.8016.read.2.tlog
C:\Users\Dec3\Desktop\a3-zirui-late\a3\a1\a1\Debug\link.8016.write.1.tlog
C:\Users\Dec3\Desktop\a3-zirui-late\a3\a1\a1\Debug\link.8048-cvtres.read.1.tlog
C:\Users\Dec3\Desktop\a3-zirui-late\a3\a1\a1\Debug\link.8048-cvtres.write.1.tlog
C:\Users\Dec3\Desktop\a3-zirui-late\a3\a1\a1\Debug\link.8048-rc.read.1.tlog
C:\Users\Dec3\Desktop\a3-zirui-late\a3\a1\a1\Debug\link.8048-rc.write.1.tlog
C:\Users\Dec3\Desktop\a3-zirui-late\a3\a1\a1\Debug\link.8048.read.1.tlog
C:\Users\Dec3\Desktop\a3-zirui-late\a3\a1\a1\Debug\link.8048.read.2.tlog
C:\Users\Dec3\Desktop\a3-zirui-late\a3\a1\a1\Debug\link.8048.write.1.tlog
C:\Users\Dec3\Desktop\a3-zirui-late\a3\a1\a1\Debug\link.8144-cvtres.read.1.tlog
C:\Users\Dec3\Desktop\a3-zirui-late\a3\a1\a1\Debug\link.8144-cvtres.write.1.tlog
C:\Users\Dec3\Desktop\a3-zirui-late\a3\a1\a1\Debug\link.8144-rc.read.1.tlog
C:\Users\Dec3\Desktop\a3-zirui-late\a3\a1\a1\Debug\link.8144-rc.write.1.tlog
C:\Users\Dec3\Desktop\a3-zirui-late\a3\a1\a1\Debug\link.8144.read.1.tlog
C:\Users\Dec3\Desktop\a3-zirui-late\a3\a1\a1\Debug\link.8144.read.2.tlog
C:\Users\Dec3\Desktop\a3-zirui-late\a3\a1\a1\Debug\link.8144.write.1.tlog
C:\Users\Dec3\Desktop\a3-zirui-late\a3\a1\a1\Debug\link.8252-cvtres.read.1.tlog
C:\Users\Dec3\Desktop\a3-zirui-late\a3\a1\a1\Debug\link.8252-cvtres.write.1.tlog
C:\Users\Dec3\Desktop\a3-zirui-late\a3\a1\a1\Debug\link.8252-rc.read.1.tlog
C:\Users\Dec3\Desktop\a3-zirui-late\a3\a1\a1\Debug\link.8252-rc.write.1.tlog
C:\Users\Dec3\Desktop\a3-zirui-late\a3\a1\a1\Debug\link.8252.read.1.tlog
C:\Users\Dec3\Desktop\a3-zirui-late\a3\a1\a1\Debug\link.8252.read.2.tlog
C:\Users\Dec3\Desktop\a3-zirui-late\a3\a1\a1\Debug\link.8252.write.1.tlog
C:\Users\Dec3\Desktop\a3-zirui-late\a3\a1\a1\Debug\link.8444-cvtres.read.1.tlog
C:\Users\Dec3\Desktop\a3-zirui-late\a3\a1\a1\Debug\link.8444-cvtres.write.1.tlog
C:\Users\Dec3\Desktop\a3-zirui-late\a3\a1\a1\Debug\link.8444-rc.read.1.tlog
C:\Users\Dec3\Desktop\a3-zirui-late\a3\a1\a1\Debug\link.8444-rc.write.1.tlog
C:\Users\Dec3\Desktop\a3-zirui-late\a3\a1\a1\Debug\link.8444.read.1.tlog
C:\Users\Dec3\Desktop\a3-zirui-late\a3\a1\a1\Debug\link.8444.read.2.tlog
C:\Users\Dec3\Desktop\a3-zirui-late\a3\a1\a1\Debug\link.8444.write.1.tlog
C:\Users\Dec3\Desktop\a3-zirui-late\a3\a1\a1\Debug\link.8536-cvtres.read.1.tlog
C:\Users\Dec3\Desktop\a3-zirui-late\a3\a1\a1\Debug\link.8536-cvtres.write.1.tlog
C:\Users\Dec3\Desktop\a3-zirui-late\a3\a1\a1\Debug\link.8536-rc.read.1.tlog
C:\Users\Dec3\Desktop\a3-zirui-late\a3\a1\a1\Debug\link.8536-rc.write.1.tlog
C:\Users\Dec3\Desktop\a3-zirui-late\a3\a1\a1\Debug\link.8536.read.1.tlog
C:\Users\Dec3\Desktop\a3-zirui-late\a3\a1\a1\Debug\link.8536.read.2.tlog
C:\Users\Dec3\Desktop\a3-zirui-late\a3\a1\a1\Debug\link.8536.write.1.tlog
C:\Users\Dec3\Desktop\a3-zirui-late\a3\a1\a1\Debug\link.872-cvtres.read.1.tlog
C:\Users\Dec3\Desktop\a3-zirui-late\a3\a1\a1\Debug\link.872-cvtres.write.1.tlog
C:\Users\Dec3\Desktop\a3-zirui-late\a3\a1\a1\Debug\link.872-rc.read.1.tlog
C:\Users\Dec3\Desktop\a3-zirui-late\a3\a1\a1\Debug\link.872-rc.write.1.tlog
C:\Users\Dec3\Desktop\a3-zirui-late\a3\a1\a1\Debug\link.872.read.1.tlog
C:\Users\Dec3\Desktop\a3-zirui-late\a3\a1\a1\Debug\link.872.read.2.tlog
C:\Users\Dec3\Desktop\a3-zirui-late\a3\a1\a1\Debug\link.872.write.1.tlog
C:\Users\Dec3\Desktop\a3-zirui-late\a3\a1\a1\Debug\link.8768-cvtres.read.1.tlog
C:\Users\Dec3\Desktop\a3-zirui-late\a3\a1\a1\Debug\link.8768-cvtres.write.1.tlog
C:\Users\Dec3\Desktop\a3-zirui-late\a3\a1\a1\Debug\link.8768-rc.read.1.tlog
C:\Users\Dec3\Desktop\a3-zirui-late\a3\a1\a1\Debug\link.8768-rc.write.1.tlog
C:\Users\Dec3\Desktop\a3-zirui-late\a3\a1\a1\Debug\link.8768.read.1.tlog
C:\Users\Dec3\Desktop\a3-zirui-late\a3\a1\a1\Debug\link.8768.read.2.tlog
C:\Users\Dec3\Desktop\a3-zirui-late\a3\a1\a1\Debug\link.8768.write.1.tlog
C:\Users\Dec3\Desktop\a3-zirui-late\a3\a1\a1\Debug\link.8900-cvtres.read.1.tlog
C:\Users\Dec3\Desktop\a3-zirui-late\a3\a1\a1\Debug\link.8900-cvtres.write.1.tlog
C:\Users\Dec3\Desktop\a3-zirui-late\a3\a1\a1\Debug\link.8900-rc.read.1.tlog
C:\Users\Dec3\Desktop\a3-zirui-late\a3\a1\a1\Debug\link.8900-rc.write.1.tlog
C:\Users\Dec3\Desktop\a3-zirui-late\a3\a1\a1\Debug\link.8900.read.1.tlog
C:\Users\Dec3\Desktop\a3-zirui-late\a3\a1\a1\Debug\link.8900.read.2.tlog
C:\Users\Dec3\Desktop\a3-zirui-late\a3\a1\a1\Debug\link.8900.write.1.tlog
C:\Users\Dec3\Desktop\a3-zirui-late\a3\a1\a1\Debug\link.8960-cvtres.read.1.tlog
C:\Users\Dec3\Desktop\a3-zirui-late\a3\a1\a1\Debug\link.8960-cvtres.write.1.tlog
C:\Users\Dec3\Desktop\a3-zirui-late\a3\a1\a1\Debug\link.8960-rc.read.1.tlog
C:\Users\Dec3\Desktop\a3-zirui-late\a3\a1\a1\Debug\link.8960-rc.write.1.tlog
C:\Users\Dec3\Desktop\a3-zirui-late\a3\a1\a1\Debug\link.8960.read.1.tlog
C:\Users\Dec3\Desktop\a3-zirui-late\a3\a1\a1\Debug\link.8960.read.2.tlog
C:\Users\Dec3\Desktop\a3-zirui-late\a3\a1\a1\Debug\link.8960.write.1.tlog
C:\Users\Dec3\Desktop\a3-zirui-late\a3\a1\a1\Debug\link.9024-cvtres.read.1.tlog
C:\Users\Dec3\Desktop\a3-zirui-late\a3\a1\a1\Debug\link.9024-cvtres.write.1.tlog
C:\Users\Dec3\Desktop\a3-zirui-late\a3\a1\a1\Debug\link.9024-rc.read.1.tlog
C:\Users\Dec3\Desktop\a3-zirui-late\a3\a1\a1\Debug\link.9024-rc.write.1.tlog
C:\Users\Dec3\Desktop\a3-zirui-late\a3\a1\a1\Debug\link.9024.read.1.tlog
C:\Users\Dec3\Desktop\a3-zirui-late\a3\a1\a1\Debug\link.9024.read.2.tlog
C:\Users\Dec3\Desktop\a3-zirui-late\a3\a1\a1\Debug\link.9024.write.1.tlog
C:\Users\Dec3\Desktop\a3-zirui-late\a3\a1\a1\Debug\link.9076-cvtres.read.1.tlog
C:\Users\Dec3\Desktop\a3-zirui-late\a3\a1\a1\Debug\link.9076-cvtres.write.1.tlog
C:\Users\Dec3\Desktop\a3-zirui-late\a3\a1\a1\Debug\link.9076-rc.read.1.tlog
C:\Users\Dec3\Desktop\a3-zirui-late\a3\a1\a1\Debug\link.9076-rc.write.1.tlog
C:\Users\Dec3\Desktop\a3-zirui-late\a3\a1\a1\Debug\link.9076.read.1.tlog
C:\Users\Dec3\Desktop\a3-zirui-late\a3\a1\a1\Debug\link.9076.read.2.tlog
C:\Users\Dec3\Desktop\a3-zirui-late\a3\a1\a1\Debug\link.9076.write.1.tlog
C:\Users\Dec3\Desktop\a3-zirui-late\a3\a1\a1\Debug\link.9192-cvtres.read.1.tlog
C:\Users\Dec3\Desktop\a3-zirui-late\a3\a1\a1\Debug\link.9192-cvtres.write.1.tlog
C:\Users\Dec3\Desktop\a3-zirui-late\a3\a1\a1\Debug\link.9192-rc.read.1.tlog
C:\Users\Dec3\Desktop\a3-zirui-late\a3\a1\a1\Debug\link.9192-rc.write.1.tlog
C:\Users\Dec3\Desktop\a3-zirui-late\a3\a1\a1\Debug\link.9192.read.1.tlog
C:\Users\Dec3\Desktop\a3-zirui-late\a3\a1\a1\Debug\link.9192.read.2.tlog
C:\Users\Dec3\Desktop\a3-zirui-late\a3\a1\a1\Debug\link.9192.write.1.tlog
C:\Users\Dec3\Desktop\a3-zirui-late\a3\a1\a1\Debug\link.9252-cvtres.read.1.tlog
C:\Users\Dec3\Desktop\a3-zirui-late\a3\a1\a1\Debug\link.9252-cvtres.write.1.tlog
C:\Users\Dec3\Desktop\a3-zirui-late\a3\a1\a1\Debug\link.9252-rc.read.1.tlog
C:\Users\Dec3\Desktop\a3-zirui-late\a3\a1\a1\Debug\link.9252-rc.write.1.tlog
C:\Users\Dec3\Desktop\a3-zirui-late\a3\a1\a1\Debug\link.9252.read.1.tlog
C:\Users\Dec3\Desktop\a3-zirui-late\a3\a1\a1\Debug\link.9252.read.2.tlog
C:\Users\Dec3\Desktop\a3-zirui-late\a3\a1\a1\Debug\link.9252.write.1.tlog
C:\Users\Dec3\Desktop\a3-zirui-late\a3\a1\a1\Debug\link.9288-cvtres.read.1.tlog
C:\Users\Dec3\Desktop\a3-zirui-late\a3\a1\a1\Debug\link.9288-cvtres.write.1.tlog
C:\Users\Dec3\Desktop\a3-zirui-late\a3\a1\a1\Debug\link.9288-rc.read.1.tlog
C:\Users\Dec3\Desktop\a3-zirui-late\a3\a1\a1\Debug\link.9288-rc.write.1.tlog
C:\Users\Dec3\Desktop\a3-zirui-late\a3\a1\a1\Debug\link.9288.read.1.tlog
C:\Users\Dec3\Desktop\a3-zirui-late\a3\a1\a1\Debug\link.9288.read.2.tlog
C:\Users\Dec3\Desktop\a3-zirui-late\a3\a1\a1\Debug\link.9288.write.1.tlog
C:\Users\Dec3\Desktop\a3-zirui-late\a3\a1\a1\Debug\link.9460-cvtres.read.1.tlog
C:\Users\Dec3\Desktop\a3-zirui-late\a3\a1\a1\Debug\link.9460-cvtres.write.1.tlog
C:\Users\Dec3\Desktop\a3-zirui-late\a3\a1\a1\Debug\link.9460-rc.read.1.tlog
C:\Users\Dec3\Desktop\a3-zirui-late\a3\a1\a1\Debug\link.9460-rc.write.1.tlog
C:\Users\Dec3\Desktop\a3-zirui-late\a3\a1\a1\Debug\link.9460.read.1.tlog
C:\Users\Dec3\Desktop\a3-zirui-late\a3\a1\a1\Debug\link.9460.read.2.tlog
C:\Users\Dec3\Desktop\a3-zirui-late\a3\a1\a1\Debug\link.9460.write.1.tlog
C:\Users\Dec3\Desktop\a3-zirui-late\a3\a1\a1\Debug\link.9496-cvtres.read.1.tlog
C:\Users\Dec3\Desktop\a3-zirui-late\a3\a1\a1\Debug\link.9496-cvtres.write.1.tlog
C:\Users\Dec3\Desktop\a3-zirui-late\a3\a1\a1\Debug\link.9496-rc.read.1.tlog
C:\Users\Dec3\Desktop\a3-zirui-late\a3\a1\a1\Debug\link.9496-rc.write.1.tlog
C:\Users\Dec3\Desktop\a3-zirui-late\a3\a1\a1\Debug\link.9496.read.1.tlog
C:\Users\Dec3\Desktop\a3-zirui-late\a3\a1\a1\Debug\link.9496.read.2.tlog
C:\Users\Dec3\Desktop\a3-zirui-late\a3\a1\a1\Debug\link.9496.write.1.tlog
C:\Users\Dec3\Desktop\a3-zirui-late\a3\a1\a1\Debug\link.9572-cvtres.read.1.tlog
C:\Users\Dec3\Desktop\a3-zirui-late\a3\a1\a1\Debug\link.9572-cvtres.write.1.tlog
C:\Users\Dec3\Desktop\a3-zirui-late\a3\a1\a1\Debug\link.9572-rc.read.1.tlog
C:\Users\Dec3\Desktop\a3-zirui-late\a3\a1\a1\Debug\link.9572-rc.write.1.tlog
C:\Users\Dec3\Desktop\a3-zirui-late\a3\a1\a1\Debug\link.9572.read.1.tlog
C:\Users\Dec3\Desktop\a3-zirui-late\a3\a1\a1\Debug\link.9572.read.2.tlog
C:\Users\Dec3\Desktop\a3-zirui-late\a3\a1\a1\Debug\link.9572.write.1.tlog
C:\Users\Dec3\Desktop\a3-zirui-late\a3\a1\a1\Debug\link.9596-cvtres.read.1.tlog
C:\Users\Dec3\Desktop\a3-zirui-late\a3\a1\a1\Debug\link.9596-cvtres.write.1.tlog
C:\Users\Dec3\Desktop\a3-zirui-late\a3\a1\a1\Debug\link.9596-rc.read.1.tlog
C:\Users\Dec3\Desktop\a3-zirui-late\a3\a1\a1\Debug\link.9596-rc.write.1.tlog
C:\Users\Dec3\Desktop\a3-zirui-late\a3\a1\a1\Debug\link.9596.read.1.tlog
C:\Users\Dec3\Desktop\a3-zirui-late\a3\a1\a1\Debug\link.9596.read.2.tlog
C:\Users\Dec3\Desktop\a3-zirui-late\a3\a1\a1\Debug\link.9596.write.1.tlog
C:\Users\Dec3\Desktop\a3-zirui-late\a3\a1\a1\Debug\link.996-cvtres.read.1.tlog
C:\Users\Dec3\Desktop\a3-zirui-late\a3\a1\a1\Debug\link.996-cvtres.write.1.tlog
C:\Users\Dec3\Desktop\a3-zirui-late\a3\a1\a1\Debug\link.996-rc.read.1.tlog
C:\Users\Dec3\Desktop\a3-zirui-late\a3\a1\a1\Debug\link.996-rc.write.1.tlog
C:\Users\Dec3\Desktop\a3-zirui-late\a3\a1\a1\Debug\link.996.read.1.tlog
C:\Users\Dec3\Desktop\a3-zirui-late\a3\a1\a1\Debug\link.996.read.2.tlog
C:\Users\Dec3\Desktop\a3-zirui-late\a3\a1\a1\Debug\link.996.write.1.tlog
C:\Users\Dec3\Desktop\a3-zirui-late\a3\a1\a1\Debug\link.command.1.tlog
C:\Users\Dec3\Desktop\a3-zirui-late\a3\a1\a1\Debug\link.read.1.tlog
C:\Users\Dec3\Desktop\a3-zirui-late\a3\a1\a1\Debug\link.read.2.tlog
C:\Users\Dec3\Desktop\a3-zirui-late\a3\a1\a1\Debug\link.write.1.tlog
C:\Users\Dec3\Desktop\a3-zirui-late\a3\a1\a1\Debug\vc110.idb
C:\Users\Dec3\Desktop\a3-zirui-late\a3\a1\a1\Debug\vc110.pdb
C:\Users\Dec3\Desktop\a3-zirui-late\a3\a1\Debug\a1.pdb
C:\Users\Dec3\Desktop\a3-zirui-late\a3\a1\Debug\a1.exe
C:\Users\Dec3\Desktop\a3-zirui-late\a3\a1\Debug\a1.ilk
